[2025-03-17T06:18:33.311+0000] {local_task_job_runner.py:123} INFO - ::group::Pre task execution logs
[2025-03-17T06:18:33.358+0000] {taskinstance.py:2614} INFO - Dependencies all met for dep_context=non-requeueable deps ti=<TaskInstance: parallel_etl_model_training.transform_raw_data manual__2025-03-17T06:17:45.999657+00:00 [queued]>
[2025-03-17T06:18:33.381+0000] {taskinstance.py:2614} INFO - Dependencies all met for dep_context=requeueable deps ti=<TaskInstance: parallel_etl_model_training.transform_raw_data manual__2025-03-17T06:17:45.999657+00:00 [queued]>
[2025-03-17T06:18:33.382+0000] {taskinstance.py:2867} INFO - Starting attempt 1 of 2
[2025-03-17T06:18:33.411+0000] {taskinstance.py:2890} INFO - Executing <Task(PythonOperator): transform_raw_data> on 2025-03-17 06:17:45.999657+00:00
[2025-03-17T06:18:33.426+0000] {warnings.py:112} WARNING - /home/***/.local/lib/python3.12/site-packages/***/task/task_runner/standard_task_runner.py:70: DeprecationWarning: This process (pid=726) is multi-threaded, use of fork() may lead to deadlocks in the child.
  pid = os.fork()

[2025-03-17T06:18:33.429+0000] {standard_task_runner.py:72} INFO - Started process 739 to run task
[2025-03-17T06:18:33.430+0000] {standard_task_runner.py:104} INFO - Running: ['***', 'tasks', 'run', 'parallel_etl_model_training', 'transform_raw_data', 'manual__2025-03-17T06:17:45.999657+00:00', '--job-id', '30', '--raw', '--subdir', 'DAGS_FOLDER/Scripts/etl_training_dag.py', '--cfg-path', '/tmp/tmpnai80ltq']
[2025-03-17T06:18:33.431+0000] {standard_task_runner.py:105} INFO - Job 30: Subtask transform_raw_data
[2025-03-17T06:18:33.452+0000] {warnings.py:112} WARNING - /home/***/.local/lib/python3.12/site-packages/***/settings.py:209: DeprecationWarning: The sql_alchemy_conn option in [core] has been moved to the sql_alchemy_conn option in [database] - the old setting has been used, but please update your config.
  SQL_ALCHEMY_CONN = conf.get("database", "SQL_ALCHEMY_CONN")

[2025-03-17T06:18:33.513+0000] {task_command.py:467} INFO - Running <TaskInstance: parallel_etl_model_training.transform_raw_data manual__2025-03-17T06:17:45.999657+00:00 [running]> on host b4dde35c7dfd
[2025-03-17T06:18:33.636+0000] {taskinstance.py:3134} INFO - Exporting env vars: AIRFLOW_CTX_DAG_OWNER='***' AIRFLOW_CTX_DAG_ID='parallel_etl_model_training' AIRFLOW_CTX_TASK_ID='transform_raw_data' AIRFLOW_CTX_EXECUTION_DATE='2025-03-17T06:17:45.999657+00:00' AIRFLOW_CTX_TRY_NUMBER='1' AIRFLOW_CTX_DAG_RUN_ID='manual__2025-03-17T06:17:45.999657+00:00'
[2025-03-17T06:18:33.638+0000] {logging_mixin.py:190} INFO - Task instance is in running state
[2025-03-17T06:18:33.639+0000] {logging_mixin.py:190} INFO -  Previous state of the Task instance: queued
[2025-03-17T06:18:33.639+0000] {logging_mixin.py:190} INFO - Current task name:transform_raw_data state:running start_date:2025-03-17 06:18:33.359205+00:00
[2025-03-17T06:18:33.640+0000] {logging_mixin.py:190} INFO - Dag name:parallel_etl_model_training and current dag run status:running
[2025-03-17T06:18:33.640+0000] {taskinstance.py:732} INFO - ::endgroup::
[2025-03-17T06:18:33.642+0000] {etl_training_dag.py:45} INFO - Starting data transformation
[2025-03-17T06:18:34.538+0000] {warnings.py:112} WARNING - /opt/***/dags/Scripts/etl_training_dag.py:52: FutureWarning: Passing literal json to 'read_json' is deprecated and will be removed in a future version. To read from a literal string, wrap it in a 'StringIO' object.
  raw_df = pd.read_json(raw_data_json)

[2025-03-17T06:18:36.037+0000] {etl_training_dag.py:53} INFO - Raw data loaded from XCom. Shape: (186850, 6)
[2025-03-17T06:18:36.671+0000] {warnings.py:112} WARNING - /opt/***/dags/Scripts/etl.py:72: UserWarning: Could not infer format, so each element will be parsed individually, falling back to `dateutil`. To ensure parsing is consistent and as-expected, please specify a format.
  df['order_date'] = pd.to_datetime(df['order_date'], errors='coerce')

[2025-03-17T06:19:45.958+0000] {etl_training_dag.py:56} INFO - Data cleaned. Shape: (185687, 14)
[2025-03-17T06:19:53.424+0000] {etl_training_dag.py:59} INFO - Transformed data uploaded to processed/transformed/sales-processed.parquet
[2025-03-17T06:19:53.675+0000] {python.py:240} INFO - Done. Returned value was: True
[2025-03-17T06:19:53.740+0000] {taskinstance.py:341} INFO - ::group::Post task execution logs
[2025-03-17T06:19:53.741+0000] {taskinstance.py:353} INFO - Marking task as SUCCESS. dag_id=parallel_etl_model_training, task_id=transform_raw_data, run_id=manual__2025-03-17T06:17:45.999657+00:00, execution_date=20250317T061745, start_date=20250317T061833, end_date=20250317T061953
[2025-03-17T06:19:53.784+0000] {logging_mixin.py:190} INFO - Task instance in success state
[2025-03-17T06:19:53.785+0000] {logging_mixin.py:190} INFO -  Previous state of the Task instance: running
[2025-03-17T06:19:53.786+0000] {logging_mixin.py:190} INFO - Dag name:parallel_etl_model_training queued_at:2025-03-17 06:17:46.057492+00:00
[2025-03-17T06:19:53.786+0000] {logging_mixin.py:190} INFO - Task hostname:b4dde35c7dfd operator:PythonOperator
[2025-03-17T06:19:53.824+0000] {local_task_job_runner.py:266} INFO - Task exited with return code 0
[2025-03-17T06:19:53.864+0000] {taskinstance.py:3901} INFO - 1 downstream tasks scheduled from follow-on schedule check
[2025-03-17T06:19:53.868+0000] {local_task_job_runner.py:245} INFO - ::endgroup::
