[2025-03-17T06:19:59.666+0000] {local_task_job_runner.py:123} INFO - ::group::Pre task execution logs
[2025-03-17T06:19:59.701+0000] {taskinstance.py:2614} INFO - Dependencies all met for dep_context=non-requeueable deps ti=<TaskInstance: parallel_etl_model_training.transformed_to_features manual__2025-03-17T06:17:45.999657+00:00 [queued]>
[2025-03-17T06:19:59.718+0000] {taskinstance.py:2614} INFO - Dependencies all met for dep_context=requeueable deps ti=<TaskInstance: parallel_etl_model_training.transformed_to_features manual__2025-03-17T06:17:45.999657+00:00 [queued]>
[2025-03-17T06:19:59.719+0000] {taskinstance.py:2867} INFO - Starting attempt 1 of 2
[2025-03-17T06:19:59.745+0000] {taskinstance.py:2890} INFO - Executing <Task(PythonOperator): transformed_to_features> on 2025-03-17 06:17:45.999657+00:00
[2025-03-17T06:19:59.771+0000] {warnings.py:112} WARNING - /home/***/.local/lib/python3.12/site-packages/***/task/task_runner/standard_task_runner.py:70: DeprecationWarning: This process (pid=746) is multi-threaded, use of fork() may lead to deadlocks in the child.
  pid = os.fork()

[2025-03-17T06:19:59.775+0000] {standard_task_runner.py:72} INFO - Started process 759 to run task
[2025-03-17T06:19:59.778+0000] {standard_task_runner.py:104} INFO - Running: ['***', 'tasks', 'run', 'parallel_etl_model_training', 'transformed_to_features', 'manual__2025-03-17T06:17:45.999657+00:00', '--job-id', '31', '--raw', '--subdir', 'DAGS_FOLDER/Scripts/etl_training_dag.py', '--cfg-path', '/tmp/tmpo9g1bdtg']
[2025-03-17T06:19:59.782+0000] {standard_task_runner.py:105} INFO - Job 31: Subtask transformed_to_features
[2025-03-17T06:19:59.805+0000] {warnings.py:112} WARNING - /home/***/.local/lib/python3.12/site-packages/***/settings.py:209: DeprecationWarning: The sql_alchemy_conn option in [core] has been moved to the sql_alchemy_conn option in [database] - the old setting has been used, but please update your config.
  SQL_ALCHEMY_CONN = conf.get("database", "SQL_ALCHEMY_CONN")

[2025-03-17T06:19:59.867+0000] {task_command.py:467} INFO - Running <TaskInstance: parallel_etl_model_training.transformed_to_features manual__2025-03-17T06:17:45.999657+00:00 [running]> on host b4dde35c7dfd
[2025-03-17T06:20:00.034+0000] {taskinstance.py:3134} INFO - Exporting env vars: AIRFLOW_CTX_DAG_OWNER='***' AIRFLOW_CTX_DAG_ID='parallel_etl_model_training' AIRFLOW_CTX_TASK_ID='transformed_to_features' AIRFLOW_CTX_EXECUTION_DATE='2025-03-17T06:17:45.999657+00:00' AIRFLOW_CTX_TRY_NUMBER='1' AIRFLOW_CTX_DAG_RUN_ID='manual__2025-03-17T06:17:45.999657+00:00'
[2025-03-17T06:20:00.038+0000] {logging_mixin.py:190} INFO - Task instance is in running state
[2025-03-17T06:20:00.039+0000] {logging_mixin.py:190} INFO -  Previous state of the Task instance: queued
[2025-03-17T06:20:00.040+0000] {logging_mixin.py:190} INFO - Current task name:transformed_to_features state:running start_date:2025-03-17 06:19:59.702517+00:00
[2025-03-17T06:20:00.041+0000] {logging_mixin.py:190} INFO - Dag name:parallel_etl_model_training and current dag run status:running
[2025-03-17T06:20:00.041+0000] {taskinstance.py:732} INFO - ::endgroup::
[2025-03-17T06:20:00.043+0000] {etl_training_dag.py:67} INFO - Starting ETL process: transformed to features
[2025-03-17T06:20:07.348+0000] {etl_training_dag.py:84} INFO - Transformed data downloaded. Shape: (185687, 14)
[2025-03-17T06:20:12.619+0000] {etl_training_dag.py:87} INFO - Features extracted. Shape: (185116, 24)
[2025-03-17T06:20:15.133+0000] {etl_training_dag.py:90} INFO - Feature data uploaded to processed/feature/sales-feature.parquet
[2025-03-17T06:20:15.174+0000] {python.py:240} INFO - Done. Returned value was: True
[2025-03-17T06:20:15.219+0000] {taskinstance.py:341} INFO - ::group::Post task execution logs
[2025-03-17T06:20:15.220+0000] {taskinstance.py:353} INFO - Marking task as SUCCESS. dag_id=parallel_etl_model_training, task_id=transformed_to_features, run_id=manual__2025-03-17T06:17:45.999657+00:00, execution_date=20250317T061745, start_date=20250317T061959, end_date=20250317T062015
[2025-03-17T06:20:15.261+0000] {logging_mixin.py:190} INFO - Task instance in success state
[2025-03-17T06:20:15.262+0000] {logging_mixin.py:190} INFO -  Previous state of the Task instance: running
[2025-03-17T06:20:15.262+0000] {logging_mixin.py:190} INFO - Dag name:parallel_etl_model_training queued_at:2025-03-17 06:17:46.057492+00:00
[2025-03-17T06:20:15.263+0000] {logging_mixin.py:190} INFO - Task hostname:b4dde35c7dfd operator:PythonOperator
[2025-03-17T06:20:15.311+0000] {local_task_job_runner.py:266} INFO - Task exited with return code 0
[2025-03-17T06:20:15.361+0000] {taskinstance.py:3901} INFO - 1 downstream tasks scheduled from follow-on schedule check
[2025-03-17T06:20:15.364+0000] {local_task_job_runner.py:245} INFO - ::endgroup::
