[2025-03-17T05:48:50.669+0000] {local_task_job_runner.py:123} INFO - ::group::Pre task execution logs
[2025-03-17T05:48:50.793+0000] {taskinstance.py:2614} INFO - Dependencies all met for dep_context=non-requeueable deps ti=<TaskInstance: parallel_etl_model_training.train_model_for_product_2 scheduled__2025-03-16T00:00:00+00:00 [queued]>
[2025-03-17T05:48:50.849+0000] {taskinstance.py:2614} INFO - Dependencies all met for dep_context=requeueable deps ti=<TaskInstance: parallel_etl_model_training.train_model_for_product_2 scheduled__2025-03-16T00:00:00+00:00 [queued]>
[2025-03-17T05:48:50.857+0000] {taskinstance.py:2867} INFO - Starting attempt 1 of 2
[2025-03-17T05:48:51.234+0000] {taskinstance.py:2890} INFO - Executing <Task(PythonOperator): train_model_for_product_2> on 2025-03-16 00:00:00+00:00
[2025-03-17T05:48:51.550+0000] {warnings.py:112} WARNING - /home/***/.local/lib/python3.12/site-packages/***/task/task_runner/standard_task_runner.py:70: DeprecationWarning: This process (pid=325) is multi-threaded, use of fork() may lead to deadlocks in the child.
  pid = os.fork()

[2025-03-17T05:48:51.652+0000] {standard_task_runner.py:72} INFO - Started process 505 to run task
[2025-03-17T05:48:51.810+0000] {standard_task_runner.py:104} INFO - Running: ['***', 'tasks', 'run', 'parallel_etl_model_training', 'train_model_for_product_2', 'scheduled__2025-03-16T00:00:00+00:00', '--job-id', '22', '--raw', '--subdir', 'DAGS_FOLDER/Scripts/parallel_etl_and_model_training.py', '--cfg-path', '/tmp/tmpdyc0b1hi']
[2025-03-17T05:48:51.818+0000] {standard_task_runner.py:105} INFO - Job 22: Subtask train_model_for_product_2
[2025-03-17T05:48:52.074+0000] {warnings.py:112} WARNING - /home/***/.local/lib/python3.12/site-packages/***/settings.py:209: DeprecationWarning: The sql_alchemy_conn option in [core] has been moved to the sql_alchemy_conn option in [database] - the old setting has been used, but please update your config.
  SQL_ALCHEMY_CONN = conf.get("database", "SQL_ALCHEMY_CONN")

[2025-03-17T05:48:52.765+0000] {task_command.py:467} INFO - Running <TaskInstance: parallel_etl_model_training.train_model_for_product_2 scheduled__2025-03-16T00:00:00+00:00 [running]> on host b4dde35c7dfd
[2025-03-17T05:48:52.768+0000] {warnings.py:112} WARNING - /home/***/.local/lib/python3.12/site-packages/***/settings.py:470: DeprecationWarning: The sql_alchemy_conn option in [core] has been moved to the sql_alchemy_conn option in [database] - the old setting has been used, but please update your config.
  if conf.get("database", "sql_alchemy_conn") == "none://":

[2025-03-17T05:48:53.425+0000] {taskinstance.py:3134} INFO - Exporting env vars: AIRFLOW_CTX_DAG_OWNER='***' AIRFLOW_CTX_DAG_ID='parallel_etl_model_training' AIRFLOW_CTX_TASK_ID='train_model_for_product_2' AIRFLOW_CTX_EXECUTION_DATE='2025-03-16T00:00:00+00:00' AIRFLOW_CTX_TRY_NUMBER='1' AIRFLOW_CTX_DAG_RUN_ID='scheduled__2025-03-16T00:00:00+00:00'
[2025-03-17T05:48:53.432+0000] {logging_mixin.py:190} INFO - Task instance is in running state
[2025-03-17T05:48:53.444+0000] {logging_mixin.py:190} INFO -  Previous state of the Task instance: queued
[2025-03-17T05:48:53.457+0000] {logging_mixin.py:190} INFO - Current task name:train_model_for_product_2 state:running start_date:2025-03-17 05:48:50.796180+00:00
[2025-03-17T05:48:53.464+0000] {logging_mixin.py:190} INFO - Dag name:parallel_etl_model_training and current dag run status:running
[2025-03-17T05:48:53.474+0000] {taskinstance.py:732} INFO - ::endgroup::
[2025-03-17T05:48:53.589+0000] {parallel_etl_and_model_training.py:97} INFO - Starting model training for product: ThinkPad Laptop
[2025-03-17T05:49:07.961+0000] {parallel_etl_and_model_training.py:100} INFO - Feature data downloaded. Shape: (185116, 24)
[2025-03-17T05:49:08.067+0000] {parallel_etl_and_model_training.py:103} INFO - Product data prepared. Shape: (4096, 24)
[2025-03-17T05:49:08.083+0000] {parallel_etl_and_model_training.py:106} INFO - Data split. Train shape: (3276, 24), Test shape: (820, 24)
[2025-03-17T05:49:09.860+0000] {parallel_etl_and_model_training.py:109} INFO - Model built and evaluated for product: ThinkPad Laptop
[2025-03-17T05:49:10.224+0000] {parallel_etl_and_model_training.py:113} INFO - Model saved to models/ThinkPad_Laptop_sales_model.pkl
[2025-03-17T05:49:10.227+0000] {python.py:240} INFO - Done. Returned value was: True
[2025-03-17T05:49:10.278+0000] {taskinstance.py:341} INFO - ::group::Post task execution logs
[2025-03-17T05:49:10.280+0000] {taskinstance.py:353} INFO - Marking task as SUCCESS. dag_id=parallel_etl_model_training, task_id=train_model_for_product_2, run_id=scheduled__2025-03-16T00:00:00+00:00, execution_date=20250316T000000, start_date=20250317T054850, end_date=20250317T054910
[2025-03-17T05:49:10.396+0000] {logging_mixin.py:190} INFO - Task instance in success state
[2025-03-17T05:49:10.397+0000] {logging_mixin.py:190} INFO -  Previous state of the Task instance: running
[2025-03-17T05:49:10.397+0000] {logging_mixin.py:190} INFO - Dag name:parallel_etl_model_training queued_at:2025-03-17 05:44:56.486571+00:00
[2025-03-17T05:49:10.398+0000] {logging_mixin.py:190} INFO - Task hostname:b4dde35c7dfd operator:PythonOperator
[2025-03-17T05:49:10.458+0000] {local_task_job_runner.py:266} INFO - Task exited with return code 0
[2025-03-17T05:49:10.515+0000] {taskinstance.py:3901} INFO - 0 downstream tasks scheduled from follow-on schedule check
[2025-03-17T05:49:10.517+0000] {local_task_job_runner.py:245} INFO - ::endgroup::
