[2025-03-17T05:48:53.578+0000] {local_task_job_runner.py:123} INFO - ::group::Pre task execution logs
[2025-03-17T05:48:53.762+0000] {taskinstance.py:2614} INFO - Dependencies all met for dep_context=non-requeueable deps ti=<TaskInstance: parallel_etl_model_training.train_model_for_product_1 manual__2025-03-17T05:44:55.503606+00:00 [queued]>
[2025-03-17T05:48:53.830+0000] {taskinstance.py:2614} INFO - Dependencies all met for dep_context=requeueable deps ti=<TaskInstance: parallel_etl_model_training.train_model_for_product_1 manual__2025-03-17T05:44:55.503606+00:00 [queued]>
[2025-03-17T05:48:53.835+0000] {taskinstance.py:2867} INFO - Starting attempt 1 of 2
[2025-03-17T05:48:53.967+0000] {taskinstance.py:2890} INFO - Executing <Task(PythonOperator): train_model_for_product_1> on 2025-03-17 05:44:55.503606+00:00
[2025-03-17T05:48:54.014+0000] {warnings.py:112} WARNING - /home/***/.local/lib/python3.12/site-packages/***/task/task_runner/standard_task_runner.py:70: DeprecationWarning: This process (pid=335) is multi-threaded, use of fork() may lead to deadlocks in the child.
  pid = os.fork()

[2025-03-17T05:48:54.019+0000] {standard_task_runner.py:72} INFO - Started process 513 to run task
[2025-03-17T05:48:54.018+0000] {standard_task_runner.py:104} INFO - Running: ['***', 'tasks', 'run', 'parallel_etl_model_training', 'train_model_for_product_1', 'manual__2025-03-17T05:44:55.503606+00:00', '--job-id', '26', '--raw', '--subdir', 'DAGS_FOLDER/Scripts/parallel_etl_and_model_training.py', '--cfg-path', '/tmp/tmpn3g_2fs6']
[2025-03-17T05:48:54.022+0000] {standard_task_runner.py:105} INFO - Job 26: Subtask train_model_for_product_1
[2025-03-17T05:48:54.089+0000] {warnings.py:112} WARNING - /home/***/.local/lib/python3.12/site-packages/***/settings.py:209: DeprecationWarning: The sql_alchemy_conn option in [core] has been moved to the sql_alchemy_conn option in [database] - the old setting has been used, but please update your config.
  SQL_ALCHEMY_CONN = conf.get("database", "SQL_ALCHEMY_CONN")

[2025-03-17T05:48:54.250+0000] {task_command.py:467} INFO - Running <TaskInstance: parallel_etl_model_training.train_model_for_product_1 manual__2025-03-17T05:44:55.503606+00:00 [running]> on host b4dde35c7dfd
[2025-03-17T05:48:54.596+0000] {taskinstance.py:3134} INFO - Exporting env vars: AIRFLOW_CTX_DAG_OWNER='***' AIRFLOW_CTX_DAG_ID='parallel_etl_model_training' AIRFLOW_CTX_TASK_ID='train_model_for_product_1' AIRFLOW_CTX_EXECUTION_DATE='2025-03-17T05:44:55.503606+00:00' AIRFLOW_CTX_TRY_NUMBER='1' AIRFLOW_CTX_DAG_RUN_ID='manual__2025-03-17T05:44:55.503606+00:00'
[2025-03-17T05:48:54.600+0000] {logging_mixin.py:190} INFO - Task instance is in running state
[2025-03-17T05:48:54.601+0000] {logging_mixin.py:190} INFO -  Previous state of the Task instance: queued
[2025-03-17T05:48:54.602+0000] {logging_mixin.py:190} INFO - Current task name:train_model_for_product_1 state:running start_date:2025-03-17 05:48:53.765652+00:00
[2025-03-17T05:48:54.603+0000] {logging_mixin.py:190} INFO - Dag name:parallel_etl_model_training and current dag run status:running
[2025-03-17T05:48:54.605+0000] {taskinstance.py:732} INFO - ::endgroup::
[2025-03-17T05:48:54.652+0000] {parallel_etl_and_model_training.py:97} INFO - Starting model training for product: iPhone
[2025-03-17T05:49:04.563+0000] {parallel_etl_and_model_training.py:100} INFO - Feature data downloaded. Shape: (185116, 24)
[2025-03-17T05:49:04.596+0000] {parallel_etl_and_model_training.py:103} INFO - Product data prepared. Shape: (6810, 24)
[2025-03-17T05:49:04.599+0000] {parallel_etl_and_model_training.py:106} INFO - Data split. Train shape: (5448, 24), Test shape: (1362, 24)
[2025-03-17T05:49:06.388+0000] {parallel_etl_and_model_training.py:109} INFO - Model built and evaluated for product: iPhone
[2025-03-17T05:49:06.941+0000] {parallel_etl_and_model_training.py:113} INFO - Model saved to models/iPhone_sales_model.pkl
[2025-03-17T05:49:06.970+0000] {python.py:240} INFO - Done. Returned value was: True
[2025-03-17T05:49:07.486+0000] {taskinstance.py:341} INFO - ::group::Post task execution logs
[2025-03-17T05:49:07.498+0000] {taskinstance.py:353} INFO - Marking task as SUCCESS. dag_id=parallel_etl_model_training, task_id=train_model_for_product_1, run_id=manual__2025-03-17T05:44:55.503606+00:00, execution_date=20250317T054455, start_date=20250317T054853, end_date=20250317T054907
[2025-03-17T05:49:07.901+0000] {logging_mixin.py:190} INFO - Task instance in success state
[2025-03-17T05:49:07.920+0000] {logging_mixin.py:190} INFO -  Previous state of the Task instance: running
[2025-03-17T05:49:07.922+0000] {logging_mixin.py:190} INFO - Dag name:parallel_etl_model_training queued_at:2025-03-17 05:44:55.684590+00:00
[2025-03-17T05:49:07.923+0000] {logging_mixin.py:190} INFO - Task hostname:b4dde35c7dfd operator:PythonOperator
[2025-03-17T05:49:08.060+0000] {local_task_job_runner.py:266} INFO - Task exited with return code 0
[2025-03-17T05:49:08.262+0000] {taskinstance.py:3901} INFO - 0 downstream tasks scheduled from follow-on schedule check
[2025-03-17T05:49:08.288+0000] {local_task_job_runner.py:245} INFO - ::endgroup::
