[2025-03-17T06:20:56.073+0000] {local_task_job_runner.py:123} INFO - ::group::Pre task execution logs
[2025-03-17T06:20:56.111+0000] {taskinstance.py:2614} INFO - Dependencies all met for dep_context=non-requeueable deps ti=<TaskInstance: parallel_etl_model_training.evaluate_models manual__2025-03-17T06:17:45.999657+00:00 [queued]>
[2025-03-17T06:20:56.153+0000] {taskinstance.py:2614} INFO - Dependencies all met for dep_context=requeueable deps ti=<TaskInstance: parallel_etl_model_training.evaluate_models manual__2025-03-17T06:17:45.999657+00:00 [queued]>
[2025-03-17T06:20:56.154+0000] {taskinstance.py:2867} INFO - Starting attempt 1 of 2
[2025-03-17T06:20:56.176+0000] {taskinstance.py:2890} INFO - Executing <Task(PythonOperator): evaluate_models> on 2025-03-17 06:17:45.999657+00:00
[2025-03-17T06:20:56.196+0000] {warnings.py:112} WARNING - /home/***/.local/lib/python3.12/site-packages/***/task/task_runner/standard_task_runner.py:70: DeprecationWarning: This process (pid=1007) is multi-threaded, use of fork() may lead to deadlocks in the child.
  pid = os.fork()

[2025-03-17T06:20:56.199+0000] {standard_task_runner.py:72} INFO - Started process 1020 to run task
[2025-03-17T06:20:56.200+0000] {standard_task_runner.py:104} INFO - Running: ['***', 'tasks', 'run', 'parallel_etl_model_training', 'evaluate_models', 'manual__2025-03-17T06:17:45.999657+00:00', '--job-id', '38', '--raw', '--subdir', 'DAGS_FOLDER/Scripts/etl_training_dag.py', '--cfg-path', '/tmp/tmpw1nygxe6']
[2025-03-17T06:20:56.202+0000] {standard_task_runner.py:105} INFO - Job 38: Subtask evaluate_models
[2025-03-17T06:20:56.218+0000] {warnings.py:112} WARNING - /home/***/.local/lib/python3.12/site-packages/***/settings.py:209: DeprecationWarning: The sql_alchemy_conn option in [core] has been moved to the sql_alchemy_conn option in [database] - the old setting has been used, but please update your config.
  SQL_ALCHEMY_CONN = conf.get("database", "SQL_ALCHEMY_CONN")

[2025-03-17T06:20:56.275+0000] {task_command.py:467} INFO - Running <TaskInstance: parallel_etl_model_training.evaluate_models manual__2025-03-17T06:17:45.999657+00:00 [running]> on host b4dde35c7dfd
[2025-03-17T06:20:56.430+0000] {taskinstance.py:3134} INFO - Exporting env vars: AIRFLOW_CTX_DAG_OWNER='***' AIRFLOW_CTX_DAG_ID='parallel_etl_model_training' AIRFLOW_CTX_TASK_ID='evaluate_models' AIRFLOW_CTX_EXECUTION_DATE='2025-03-17T06:17:45.999657+00:00' AIRFLOW_CTX_TRY_NUMBER='1' AIRFLOW_CTX_DAG_RUN_ID='manual__2025-03-17T06:17:45.999657+00:00'
[2025-03-17T06:20:56.433+0000] {logging_mixin.py:190} INFO - Task instance is in running state
[2025-03-17T06:20:56.434+0000] {logging_mixin.py:190} INFO -  Previous state of the Task instance: queued
[2025-03-17T06:20:56.435+0000] {logging_mixin.py:190} INFO - Current task name:evaluate_models state:running start_date:2025-03-17 06:20:56.112188+00:00
[2025-03-17T06:20:56.435+0000] {logging_mixin.py:190} INFO - Dag name:parallel_etl_model_training and current dag run status:running
[2025-03-17T06:20:56.435+0000] {taskinstance.py:732} INFO - ::endgroup::
[2025-03-17T06:20:56.437+0000] {etl_training_dag.py:163} INFO - Starting model evaluation
[2025-03-17T06:20:56.728+0000] {etl_training_dag.py:190} INFO - Models to evaluate: ['Macbook_Pro_Laptop_sales_model.pkl', 'iPhone_sales_model.pkl', 'ThinkPad_Laptop_sales_model.pkl', 'Google_Phone_sales_model.pkl', '27in_4K_Gaming_Monitor_sales_model.pkl']
[2025-03-17T06:20:58.307+0000] {etl_training_dag.py:193} INFO - Feature data downloaded for evaluation. Shape: (185116, 24)
[2025-03-17T06:20:58.308+0000] {etl_training_dag.py:229} INFO - Evaluating model for product: Macbook Pro Laptop
[2025-03-17T06:20:58.687+0000] {etl_training_dag.py:246} INFO - Macbook Pro Laptop -> RMSE: 0.06, MAE: 0.01, R2: 0.61
[2025-03-17T06:20:58.688+0000] {etl_training_dag.py:229} INFO - Evaluating model for product: iPhone
[2025-03-17T06:20:58.910+0000] {etl_training_dag.py:246} INFO - iPhone -> RMSE: 0.11, MAE: 0.03, R2: 0.55
[2025-03-17T06:20:58.911+0000] {etl_training_dag.py:229} INFO - Evaluating model for product: ThinkPad Laptop
[2025-03-17T06:20:59.135+0000] {etl_training_dag.py:246} INFO - ThinkPad Laptop -> RMSE: 0.06, MAE: 0.01, R2: 0.71
[2025-03-17T06:20:59.136+0000] {etl_training_dag.py:229} INFO - Evaluating model for product: Google Phone
[2025-03-17T06:20:59.553+0000] {etl_training_dag.py:246} INFO - Google Phone -> RMSE: 0.10, MAE: 0.02, R2: 0.60
[2025-03-17T06:20:59.554+0000] {etl_training_dag.py:229} INFO - Evaluating model for product: 27in 4K Gaming Monitor
[2025-03-17T06:21:00.349+0000] {etl_training_dag.py:246} INFO - 27in 4K Gaming Monitor -> RMSE: 0.11, MAE: 0.02, R2: 0.52
[2025-03-17T06:21:00.351+0000] {python.py:240} INFO - Done. Returned value was: {'Macbook Pro Laptop': {'RMSE': np.float64(0.05716072784080031), 'MAE': 0.006022237435975456, 'R2': 0.6131995089000288}, 'iPhone': {'RMSE': np.float64(0.11182908362142473), 'MAE': 0.02636726480183344, 'R2': 0.5503865482852566}, 'ThinkPad Laptop': {'RMSE': np.float64(0.059402787605093696), 'MAE': 0.007723046440237239, 'R2': 0.7070750683651791}, 'Google Phone': {'RMSE': np.float64(0.10196326083138592), 'MAE': 0.019458467096547173, 'R2': 0.5953299703863123}, '27in 4K Gaming Monitor': {'RMSE': np.float64(0.11195676010383501), 'MAE': 0.024168381031577157, 'R2': 0.5165161084394505}}
[2025-03-17T06:21:00.386+0000] {taskinstance.py:341} INFO - ::group::Post task execution logs
[2025-03-17T06:21:00.387+0000] {taskinstance.py:353} INFO - Marking task as SUCCESS. dag_id=parallel_etl_model_training, task_id=evaluate_models, run_id=manual__2025-03-17T06:17:45.999657+00:00, execution_date=20250317T061745, start_date=20250317T062056, end_date=20250317T062100
[2025-03-17T06:21:00.420+0000] {logging_mixin.py:190} INFO - Task instance in success state
[2025-03-17T06:21:00.421+0000] {logging_mixin.py:190} INFO -  Previous state of the Task instance: running
[2025-03-17T06:21:00.421+0000] {logging_mixin.py:190} INFO - Dag name:parallel_etl_model_training queued_at:2025-03-17 06:17:46.057492+00:00
[2025-03-17T06:21:00.422+0000] {logging_mixin.py:190} INFO - Task hostname:b4dde35c7dfd operator:PythonOperator
[2025-03-17T06:21:00.486+0000] {local_task_job_runner.py:266} INFO - Task exited with return code 0
[2025-03-17T06:21:00.518+0000] {taskinstance.py:3901} INFO - 0 downstream tasks scheduled from follow-on schedule check
[2025-03-17T06:21:00.520+0000] {local_task_job_runner.py:245} INFO - ::endgroup::
