[2025-03-17T06:20:34.677+0000] {local_task_job_runner.py:123} INFO - ::group::Pre task execution logs
[2025-03-17T06:20:34.889+0000] {taskinstance.py:2614} INFO - Dependencies all met for dep_context=non-requeueable deps ti=<TaskInstance: parallel_etl_model_training.train_model_for_product_3 manual__2025-03-17T06:17:45.999657+00:00 [queued]>
[2025-03-17T06:20:34.922+0000] {taskinstance.py:2614} INFO - Dependencies all met for dep_context=requeueable deps ti=<TaskInstance: parallel_etl_model_training.train_model_for_product_3 manual__2025-03-17T06:17:45.999657+00:00 [queued]>
[2025-03-17T06:20:34.924+0000] {taskinstance.py:2867} INFO - Starting attempt 1 of 2
[2025-03-17T06:20:34.984+0000] {taskinstance.py:2890} INFO - Executing <Task(PythonOperator): train_model_for_product_3> on 2025-03-17 06:17:45.999657+00:00
[2025-03-17T06:20:35.058+0000] {standard_task_runner.py:104} INFO - Running: ['***', 'tasks', 'run', 'parallel_etl_model_training', 'train_model_for_product_3', 'manual__2025-03-17T06:17:45.999657+00:00', '--job-id', '33', '--raw', '--subdir', 'DAGS_FOLDER/Scripts/etl_training_dag.py', '--cfg-path', '/tmp/tmpsaj0bxtf']
[2025-03-17T06:20:35.049+0000] {warnings.py:112} WARNING - /home/***/.local/lib/python3.12/site-packages/***/task/task_runner/standard_task_runner.py:70: DeprecationWarning: This process (pid=812) is multi-threaded, use of fork() may lead to deadlocks in the child.
  pid = os.fork()

[2025-03-17T06:20:35.070+0000] {standard_task_runner.py:105} INFO - Job 33: Subtask train_model_for_product_3
[2025-03-17T06:20:35.073+0000] {standard_task_runner.py:72} INFO - Started process 877 to run task
[2025-03-17T06:20:35.159+0000] {warnings.py:112} WARNING - /home/***/.local/lib/python3.12/site-packages/***/settings.py:209: DeprecationWarning: The sql_alchemy_conn option in [core] has been moved to the sql_alchemy_conn option in [database] - the old setting has been used, but please update your config.
  SQL_ALCHEMY_CONN = conf.get("database", "SQL_ALCHEMY_CONN")

[2025-03-17T06:20:35.551+0000] {task_command.py:467} INFO - Running <TaskInstance: parallel_etl_model_training.train_model_for_product_3 manual__2025-03-17T06:17:45.999657+00:00 [running]> on host b4dde35c7dfd
[2025-03-17T06:20:36.109+0000] {taskinstance.py:3134} INFO - Exporting env vars: AIRFLOW_CTX_DAG_OWNER='***' AIRFLOW_CTX_DAG_ID='parallel_etl_model_training' AIRFLOW_CTX_TASK_ID='train_model_for_product_3' AIRFLOW_CTX_EXECUTION_DATE='2025-03-17T06:17:45.999657+00:00' AIRFLOW_CTX_TRY_NUMBER='1' AIRFLOW_CTX_DAG_RUN_ID='manual__2025-03-17T06:17:45.999657+00:00'
[2025-03-17T06:20:36.170+0000] {logging_mixin.py:190} INFO - Task instance is in running state
[2025-03-17T06:20:36.171+0000] {logging_mixin.py:190} INFO -  Previous state of the Task instance: queued
[2025-03-17T06:20:36.173+0000] {logging_mixin.py:190} INFO - Current task name:train_model_for_product_3 state:running start_date:2025-03-17 06:20:34.890489+00:00
[2025-03-17T06:20:36.178+0000] {logging_mixin.py:190} INFO - Dag name:parallel_etl_model_training and current dag run status:running
[2025-03-17T06:20:36.239+0000] {taskinstance.py:732} INFO - ::endgroup::
[2025-03-17T06:20:36.303+0000] {etl_training_dag.py:98} INFO - Starting model training for product: Google Phone
[2025-03-17T06:20:38.458+0000] {etl_training_dag.py:101} INFO - Feature data downloaded. Shape: (185116, 24)
[2025-03-17T06:20:38.535+0000] {etl_training_dag.py:104} INFO - Product data prepared. Shape: (5492, 24)
[2025-03-17T06:20:38.542+0000] {etl_training_dag.py:107} INFO - Data split. Train shape: (4393, 24), Test shape: (1099, 24)
[2025-03-17T06:20:41.119+0000] {etl_training_dag.py:110} INFO - Model built and evaluated for product: Google Phone
[2025-03-17T06:20:41.860+0000] {etl_training_dag.py:114} INFO - Model saved to models/Google_Phone_sales_model.pkl
[2025-03-17T06:20:41.862+0000] {python.py:240} INFO - Done. Returned value was: True
[2025-03-17T06:20:41.964+0000] {taskinstance.py:341} INFO - ::group::Post task execution logs
[2025-03-17T06:20:41.965+0000] {taskinstance.py:353} INFO - Marking task as SUCCESS. dag_id=parallel_etl_model_training, task_id=train_model_for_product_3, run_id=manual__2025-03-17T06:17:45.999657+00:00, execution_date=20250317T061745, start_date=20250317T062034, end_date=20250317T062041
[2025-03-17T06:20:42.038+0000] {logging_mixin.py:190} INFO - Task instance in success state
[2025-03-17T06:20:42.039+0000] {logging_mixin.py:190} INFO -  Previous state of the Task instance: running
[2025-03-17T06:20:42.041+0000] {logging_mixin.py:190} INFO - Dag name:parallel_etl_model_training queued_at:2025-03-17 06:17:46.057492+00:00
[2025-03-17T06:20:42.044+0000] {logging_mixin.py:190} INFO - Task hostname:b4dde35c7dfd operator:PythonOperator
[2025-03-17T06:20:42.144+0000] {local_task_job_runner.py:266} INFO - Task exited with return code 0
[2025-03-17T06:20:42.235+0000] {taskinstance.py:3901} INFO - 0 downstream tasks scheduled from follow-on schedule check
[2025-03-17T06:20:42.240+0000] {local_task_job_runner.py:245} INFO - ::endgroup::
