[2025-03-17T05:48:33.225+0000] {local_task_job_runner.py:123} INFO - ::group::Pre task execution logs
[2025-03-17T05:48:33.784+0000] {taskinstance.py:2614} INFO - Dependencies all met for dep_context=non-requeueable deps ti=<TaskInstance: parallel_etl_model_training.train_model_for_product_0 scheduled__2025-03-16T00:00:00+00:00 [queued]>
[2025-03-17T05:48:33.912+0000] {taskinstance.py:2614} INFO - Dependencies all met for dep_context=requeueable deps ti=<TaskInstance: parallel_etl_model_training.train_model_for_product_0 scheduled__2025-03-16T00:00:00+00:00 [queued]>
[2025-03-17T05:48:33.927+0000] {taskinstance.py:2867} INFO - Starting attempt 1 of 2
[2025-03-17T05:48:34.471+0000] {taskinstance.py:2890} INFO - Executing <Task(PythonOperator): train_model_for_product_0> on 2025-03-16 00:00:00+00:00
[2025-03-17T05:48:35.470+0000] {standard_task_runner.py:104} INFO - Running: ['***', 'tasks', 'run', 'parallel_etl_model_training', 'train_model_for_product_0', 'scheduled__2025-03-16T00:00:00+00:00', '--job-id', '19', '--raw', '--subdir', 'DAGS_FOLDER/Scripts/parallel_etl_and_model_training.py', '--cfg-path', '/tmp/tmpbjmt0_8b']
[2025-03-17T05:48:35.212+0000] {warnings.py:112} WARNING - /home/***/.local/lib/python3.12/site-packages/***/task/task_runner/standard_task_runner.py:70: DeprecationWarning: This process (pid=308) is multi-threaded, use of fork() may lead to deadlocks in the child.
  pid = os.fork()

[2025-03-17T05:48:35.637+0000] {standard_task_runner.py:105} INFO - Job 19: Subtask train_model_for_product_0
[2025-03-17T05:48:35.650+0000] {standard_task_runner.py:72} INFO - Started process 451 to run task
[2025-03-17T05:48:36.864+0000] {warnings.py:112} WARNING - /home/***/.local/lib/python3.12/site-packages/***/settings.py:209: DeprecationWarning: The sql_alchemy_conn option in [core] has been moved to the sql_alchemy_conn option in [database] - the old setting has been used, but please update your config.
  SQL_ALCHEMY_CONN = conf.get("database", "SQL_ALCHEMY_CONN")

[2025-03-17T05:48:37.803+0000] {task_command.py:467} INFO - Running <TaskInstance: parallel_etl_model_training.train_model_for_product_0 scheduled__2025-03-16T00:00:00+00:00 [running]> on host b4dde35c7dfd
[2025-03-17T05:48:37.825+0000] {warnings.py:112} WARNING - /home/***/.local/lib/python3.12/site-packages/***/settings.py:470: DeprecationWarning: The sql_alchemy_conn option in [core] has been moved to the sql_alchemy_conn option in [database] - the old setting has been used, but please update your config.
  if conf.get("database", "sql_alchemy_conn") == "none://":

[2025-03-17T05:48:38.483+0000] {taskinstance.py:3134} INFO - Exporting env vars: AIRFLOW_CTX_DAG_OWNER='***' AIRFLOW_CTX_DAG_ID='parallel_etl_model_training' AIRFLOW_CTX_TASK_ID='train_model_for_product_0' AIRFLOW_CTX_EXECUTION_DATE='2025-03-16T00:00:00+00:00' AIRFLOW_CTX_TRY_NUMBER='1' AIRFLOW_CTX_DAG_RUN_ID='scheduled__2025-03-16T00:00:00+00:00'
[2025-03-17T05:48:38.662+0000] {logging_mixin.py:190} INFO - Task instance is in running state
[2025-03-17T05:48:38.666+0000] {logging_mixin.py:190} INFO -  Previous state of the Task instance: queued
[2025-03-17T05:48:38.667+0000] {logging_mixin.py:190} INFO - Current task name:train_model_for_product_0 state:running start_date:2025-03-17 05:48:33.793035+00:00
[2025-03-17T05:48:38.671+0000] {logging_mixin.py:190} INFO - Dag name:parallel_etl_model_training and current dag run status:running
[2025-03-17T05:48:38.677+0000] {taskinstance.py:732} INFO - ::endgroup::
[2025-03-17T05:48:38.864+0000] {parallel_etl_and_model_training.py:97} INFO - Starting model training for product: Macbook Pro Laptop
[2025-03-17T05:48:43.859+0000] {parallel_etl_and_model_training.py:100} INFO - Feature data downloaded. Shape: (185116, 24)
[2025-03-17T05:48:44.247+0000] {parallel_etl_and_model_training.py:103} INFO - Product data prepared. Shape: (4691, 24)
[2025-03-17T05:48:44.265+0000] {parallel_etl_and_model_training.py:106} INFO - Data split. Train shape: (3752, 24), Test shape: (939, 24)
[2025-03-17T05:48:50.725+0000] {parallel_etl_and_model_training.py:109} INFO - Model built and evaluated for product: Macbook Pro Laptop
[2025-03-17T05:48:51.379+0000] {parallel_etl_and_model_training.py:113} INFO - Model saved to models/Macbook_Pro_Laptop_sales_model.pkl
[2025-03-17T05:48:51.384+0000] {python.py:240} INFO - Done. Returned value was: True
[2025-03-17T05:48:51.886+0000] {taskinstance.py:341} INFO - ::group::Post task execution logs
[2025-03-17T05:48:51.888+0000] {taskinstance.py:353} INFO - Marking task as SUCCESS. dag_id=parallel_etl_model_training, task_id=train_model_for_product_0, run_id=scheduled__2025-03-16T00:00:00+00:00, execution_date=20250316T000000, start_date=20250317T054833, end_date=20250317T054851
[2025-03-17T05:48:52.301+0000] {logging_mixin.py:190} INFO - Task instance in success state
[2025-03-17T05:48:52.339+0000] {logging_mixin.py:190} INFO -  Previous state of the Task instance: running
[2025-03-17T05:48:52.398+0000] {logging_mixin.py:190} INFO - Dag name:parallel_etl_model_training queued_at:2025-03-17 05:44:56.486571+00:00
[2025-03-17T05:48:52.423+0000] {logging_mixin.py:190} INFO - Task hostname:b4dde35c7dfd operator:PythonOperator
[2025-03-17T05:48:52.674+0000] {local_task_job_runner.py:266} INFO - Task exited with return code 0
[2025-03-17T05:48:52.864+0000] {taskinstance.py:3901} INFO - 0 downstream tasks scheduled from follow-on schedule check
[2025-03-17T05:48:52.869+0000] {local_task_job_runner.py:245} INFO - ::endgroup::
