[2025-03-17T05:48:48.409+0000] {local_task_job_runner.py:123} INFO - ::group::Pre task execution logs
[2025-03-17T05:48:48.762+0000] {taskinstance.py:2614} INFO - Dependencies all met for dep_context=non-requeueable deps ti=<TaskInstance: parallel_etl_model_training.train_model_for_product_3 scheduled__2025-03-16T00:00:00+00:00 [queued]>
[2025-03-17T05:48:48.898+0000] {taskinstance.py:2614} INFO - Dependencies all met for dep_context=requeueable deps ti=<TaskInstance: parallel_etl_model_training.train_model_for_product_3 scheduled__2025-03-16T00:00:00+00:00 [queued]>
[2025-03-17T05:48:48.913+0000] {taskinstance.py:2867} INFO - Starting attempt 1 of 2
[2025-03-17T05:48:49.146+0000] {taskinstance.py:2890} INFO - Executing <Task(PythonOperator): train_model_for_product_3> on 2025-03-16 00:00:00+00:00
[2025-03-17T05:48:49.750+0000] {warnings.py:112} WARNING - /home/***/.local/lib/python3.12/site-packages/***/task/task_runner/standard_task_runner.py:70: DeprecationWarning: This process (pid=326) is multi-threaded, use of fork() may lead to deadlocks in the child.
  pid = os.fork()

[2025-03-17T05:48:50.220+0000] {standard_task_runner.py:72} INFO - Started process 492 to run task
[2025-03-17T05:48:50.266+0000] {standard_task_runner.py:104} INFO - Running: ['***', 'tasks', 'run', 'parallel_etl_model_training', 'train_model_for_product_3', 'scheduled__2025-03-16T00:00:00+00:00', '--job-id', '21', '--raw', '--subdir', 'DAGS_FOLDER/Scripts/parallel_etl_and_model_training.py', '--cfg-path', '/tmp/tmpc3utjdrr']
[2025-03-17T05:48:50.277+0000] {standard_task_runner.py:105} INFO - Job 21: Subtask train_model_for_product_3
[2025-03-17T05:48:50.830+0000] {warnings.py:112} WARNING - /home/***/.local/lib/python3.12/site-packages/***/settings.py:209: DeprecationWarning: The sql_alchemy_conn option in [core] has been moved to the sql_alchemy_conn option in [database] - the old setting has been used, but please update your config.
  SQL_ALCHEMY_CONN = conf.get("database", "SQL_ALCHEMY_CONN")

[2025-03-17T05:48:51.801+0000] {task_command.py:467} INFO - Running <TaskInstance: parallel_etl_model_training.train_model_for_product_3 scheduled__2025-03-16T00:00:00+00:00 [running]> on host b4dde35c7dfd
[2025-03-17T05:48:51.806+0000] {warnings.py:112} WARNING - /home/***/.local/lib/python3.12/site-packages/***/settings.py:470: DeprecationWarning: The sql_alchemy_conn option in [core] has been moved to the sql_alchemy_conn option in [database] - the old setting has been used, but please update your config.
  if conf.get("database", "sql_alchemy_conn") == "none://":

[2025-03-17T05:48:52.846+0000] {taskinstance.py:3134} INFO - Exporting env vars: AIRFLOW_CTX_DAG_OWNER='***' AIRFLOW_CTX_DAG_ID='parallel_etl_model_training' AIRFLOW_CTX_TASK_ID='train_model_for_product_3' AIRFLOW_CTX_EXECUTION_DATE='2025-03-16T00:00:00+00:00' AIRFLOW_CTX_TRY_NUMBER='1' AIRFLOW_CTX_DAG_RUN_ID='scheduled__2025-03-16T00:00:00+00:00'
[2025-03-17T05:48:52.862+0000] {logging_mixin.py:190} INFO - Task instance is in running state
[2025-03-17T05:48:52.863+0000] {logging_mixin.py:190} INFO -  Previous state of the Task instance: queued
[2025-03-17T05:48:52.866+0000] {logging_mixin.py:190} INFO - Current task name:train_model_for_product_3 state:running start_date:2025-03-17 05:48:48.766862+00:00
[2025-03-17T05:48:52.867+0000] {logging_mixin.py:190} INFO - Dag name:parallel_etl_model_training and current dag run status:running
[2025-03-17T05:48:52.870+0000] {taskinstance.py:732} INFO - ::endgroup::
[2025-03-17T05:48:52.954+0000] {parallel_etl_and_model_training.py:97} INFO - Starting model training for product: Google Phone
[2025-03-17T05:49:03.936+0000] {parallel_etl_and_model_training.py:100} INFO - Feature data downloaded. Shape: (185116, 24)
[2025-03-17T05:49:03.961+0000] {parallel_etl_and_model_training.py:103} INFO - Product data prepared. Shape: (5492, 24)
[2025-03-17T05:49:03.963+0000] {parallel_etl_and_model_training.py:106} INFO - Data split. Train shape: (4393, 24), Test shape: (1099, 24)
[2025-03-17T05:49:05.612+0000] {parallel_etl_and_model_training.py:109} INFO - Model built and evaluated for product: Google Phone
[2025-03-17T05:49:06.538+0000] {parallel_etl_and_model_training.py:113} INFO - Model saved to models/Google_Phone_sales_model.pkl
[2025-03-17T05:49:06.544+0000] {python.py:240} INFO - Done. Returned value was: True
[2025-03-17T05:49:06.730+0000] {taskinstance.py:341} INFO - ::group::Post task execution logs
[2025-03-17T05:49:06.732+0000] {taskinstance.py:353} INFO - Marking task as SUCCESS. dag_id=parallel_etl_model_training, task_id=train_model_for_product_3, run_id=scheduled__2025-03-16T00:00:00+00:00, execution_date=20250316T000000, start_date=20250317T054848, end_date=20250317T054906
[2025-03-17T05:49:07.140+0000] {logging_mixin.py:190} INFO - Task instance in success state
[2025-03-17T05:49:07.146+0000] {logging_mixin.py:190} INFO -  Previous state of the Task instance: running
[2025-03-17T05:49:07.152+0000] {logging_mixin.py:190} INFO - Dag name:parallel_etl_model_training queued_at:2025-03-17 05:44:56.486571+00:00
[2025-03-17T05:49:07.156+0000] {logging_mixin.py:190} INFO - Task hostname:b4dde35c7dfd operator:PythonOperator
[2025-03-17T05:49:07.431+0000] {local_task_job_runner.py:266} INFO - Task exited with return code 0
[2025-03-17T05:49:07.473+0000] {local_task_job_runner.py:245} INFO - ::endgroup::
