[2025-03-17T05:48:53.741+0000] {local_task_job_runner.py:123} INFO - ::group::Pre task execution logs
[2025-03-17T05:48:53.866+0000] {taskinstance.py:2614} INFO - Dependencies all met for dep_context=non-requeueable deps ti=<TaskInstance: parallel_etl_model_training.train_model_for_product_2 manual__2025-03-17T05:44:55.503606+00:00 [queued]>
[2025-03-17T05:48:53.925+0000] {taskinstance.py:2614} INFO - Dependencies all met for dep_context=requeueable deps ti=<TaskInstance: parallel_etl_model_training.train_model_for_product_2 manual__2025-03-17T05:44:55.503606+00:00 [queued]>
[2025-03-17T05:48:53.926+0000] {taskinstance.py:2867} INFO - Starting attempt 1 of 2
[2025-03-17T05:48:54.017+0000] {taskinstance.py:2890} INFO - Executing <Task(PythonOperator): train_model_for_product_2> on 2025-03-17 05:44:55.503606+00:00
[2025-03-17T05:48:54.056+0000] {warnings.py:112} WARNING - /home/***/.local/lib/python3.12/site-packages/***/task/task_runner/standard_task_runner.py:70: DeprecationWarning: This process (pid=336) is multi-threaded, use of fork() may lead to deadlocks in the child.
  pid = os.fork()

[2025-03-17T05:48:54.068+0000] {standard_task_runner.py:72} INFO - Started process 515 to run task
[2025-03-17T05:48:54.070+0000] {standard_task_runner.py:104} INFO - Running: ['***', 'tasks', 'run', 'parallel_etl_model_training', 'train_model_for_product_2', 'manual__2025-03-17T05:44:55.503606+00:00', '--job-id', '27', '--raw', '--subdir', 'DAGS_FOLDER/Scripts/parallel_etl_and_model_training.py', '--cfg-path', '/tmp/tmp2wmnftre']
[2025-03-17T05:48:54.081+0000] {standard_task_runner.py:105} INFO - Job 27: Subtask train_model_for_product_2
[2025-03-17T05:48:54.144+0000] {warnings.py:112} WARNING - /home/***/.local/lib/python3.12/site-packages/***/settings.py:209: DeprecationWarning: The sql_alchemy_conn option in [core] has been moved to the sql_alchemy_conn option in [database] - the old setting has been used, but please update your config.
  SQL_ALCHEMY_CONN = conf.get("database", "SQL_ALCHEMY_CONN")

[2025-03-17T05:48:54.306+0000] {task_command.py:467} INFO - Running <TaskInstance: parallel_etl_model_training.train_model_for_product_2 manual__2025-03-17T05:44:55.503606+00:00 [running]> on host b4dde35c7dfd
[2025-03-17T05:48:54.634+0000] {taskinstance.py:3134} INFO - Exporting env vars: AIRFLOW_CTX_DAG_OWNER='***' AIRFLOW_CTX_DAG_ID='parallel_etl_model_training' AIRFLOW_CTX_TASK_ID='train_model_for_product_2' AIRFLOW_CTX_EXECUTION_DATE='2025-03-17T05:44:55.503606+00:00' AIRFLOW_CTX_TRY_NUMBER='1' AIRFLOW_CTX_DAG_RUN_ID='manual__2025-03-17T05:44:55.503606+00:00'
[2025-03-17T05:48:54.641+0000] {logging_mixin.py:190} INFO - Task instance is in running state
[2025-03-17T05:48:54.644+0000] {logging_mixin.py:190} INFO -  Previous state of the Task instance: queued
[2025-03-17T05:48:54.648+0000] {logging_mixin.py:190} INFO - Current task name:train_model_for_product_2 state:running start_date:2025-03-17 05:48:53.869167+00:00
[2025-03-17T05:48:54.649+0000] {logging_mixin.py:190} INFO - Dag name:parallel_etl_model_training and current dag run status:running
[2025-03-17T05:48:54.652+0000] {taskinstance.py:732} INFO - ::endgroup::
[2025-03-17T05:48:54.726+0000] {parallel_etl_and_model_training.py:97} INFO - Starting model training for product: ThinkPad Laptop
[2025-03-17T05:49:06.032+0000] {parallel_etl_and_model_training.py:100} INFO - Feature data downloaded. Shape: (185116, 24)
[2025-03-17T05:49:06.060+0000] {parallel_etl_and_model_training.py:103} INFO - Product data prepared. Shape: (4096, 24)
[2025-03-17T05:49:06.062+0000] {parallel_etl_and_model_training.py:106} INFO - Data split. Train shape: (3276, 24), Test shape: (820, 24)
[2025-03-17T05:49:08.914+0000] {parallel_etl_and_model_training.py:109} INFO - Model built and evaluated for product: ThinkPad Laptop
[2025-03-17T05:49:09.302+0000] {parallel_etl_and_model_training.py:113} INFO - Model saved to models/ThinkPad_Laptop_sales_model.pkl
[2025-03-17T05:49:09.308+0000] {python.py:240} INFO - Done. Returned value was: True
[2025-03-17T05:49:09.363+0000] {taskinstance.py:341} INFO - ::group::Post task execution logs
[2025-03-17T05:49:09.364+0000] {taskinstance.py:353} INFO - Marking task as SUCCESS. dag_id=parallel_etl_model_training, task_id=train_model_for_product_2, run_id=manual__2025-03-17T05:44:55.503606+00:00, execution_date=20250317T054455, start_date=20250317T054853, end_date=20250317T054909
[2025-03-17T05:49:09.425+0000] {logging_mixin.py:190} INFO - Task instance in success state
[2025-03-17T05:49:09.428+0000] {logging_mixin.py:190} INFO -  Previous state of the Task instance: running
[2025-03-17T05:49:09.429+0000] {logging_mixin.py:190} INFO - Dag name:parallel_etl_model_training queued_at:2025-03-17 05:44:55.684590+00:00
[2025-03-17T05:49:09.430+0000] {logging_mixin.py:190} INFO - Task hostname:b4dde35c7dfd operator:PythonOperator
[2025-03-17T05:49:09.495+0000] {local_task_job_runner.py:266} INFO - Task exited with return code 0
[2025-03-17T05:49:09.558+0000] {taskinstance.py:3901} INFO - 0 downstream tasks scheduled from follow-on schedule check
[2025-03-17T05:49:09.561+0000] {local_task_job_runner.py:245} INFO - ::endgroup::
