[2025-03-17T05:48:53.562+0000] {local_task_job_runner.py:123} INFO - ::group::Pre task execution logs
[2025-03-17T05:48:53.726+0000] {taskinstance.py:2614} INFO - Dependencies all met for dep_context=non-requeueable deps ti=<TaskInstance: parallel_etl_model_training.train_model_for_product_4 scheduled__2025-03-16T00:00:00+00:00 [queued]>
[2025-03-17T05:48:53.767+0000] {taskinstance.py:2614} INFO - Dependencies all met for dep_context=requeueable deps ti=<TaskInstance: parallel_etl_model_training.train_model_for_product_4 scheduled__2025-03-16T00:00:00+00:00 [queued]>
[2025-03-17T05:48:53.774+0000] {taskinstance.py:2867} INFO - Starting attempt 1 of 2
[2025-03-17T05:48:53.865+0000] {taskinstance.py:2890} INFO - Executing <Task(PythonOperator): train_model_for_product_4> on 2025-03-16 00:00:00+00:00
[2025-03-17T05:48:53.975+0000] {warnings.py:112} WARNING - /home/***/.local/lib/python3.12/site-packages/***/task/task_runner/standard_task_runner.py:70: DeprecationWarning: This process (pid=327) is multi-threaded, use of fork() may lead to deadlocks in the child.
  pid = os.fork()

[2025-03-17T05:48:53.982+0000] {standard_task_runner.py:72} INFO - Started process 511 to run task
[2025-03-17T05:48:53.982+0000] {standard_task_runner.py:104} INFO - Running: ['***', 'tasks', 'run', 'parallel_etl_model_training', 'train_model_for_product_4', 'scheduled__2025-03-16T00:00:00+00:00', '--job-id', '25', '--raw', '--subdir', 'DAGS_FOLDER/Scripts/parallel_etl_and_model_training.py', '--cfg-path', '/tmp/tmpeihusdpq']
[2025-03-17T05:48:53.985+0000] {standard_task_runner.py:105} INFO - Job 25: Subtask train_model_for_product_4
[2025-03-17T05:48:54.040+0000] {warnings.py:112} WARNING - /home/***/.local/lib/python3.12/site-packages/***/settings.py:209: DeprecationWarning: The sql_alchemy_conn option in [core] has been moved to the sql_alchemy_conn option in [database] - the old setting has been used, but please update your config.
  SQL_ALCHEMY_CONN = conf.get("database", "SQL_ALCHEMY_CONN")

[2025-03-17T05:48:54.220+0000] {task_command.py:467} INFO - Running <TaskInstance: parallel_etl_model_training.train_model_for_product_4 scheduled__2025-03-16T00:00:00+00:00 [running]> on host b4dde35c7dfd
[2025-03-17T05:48:54.221+0000] {warnings.py:112} WARNING - /home/***/.local/lib/python3.12/site-packages/***/settings.py:470: DeprecationWarning: The sql_alchemy_conn option in [core] has been moved to the sql_alchemy_conn option in [database] - the old setting has been used, but please update your config.
  if conf.get("database", "sql_alchemy_conn") == "none://":

[2025-03-17T05:48:54.563+0000] {taskinstance.py:3134} INFO - Exporting env vars: AIRFLOW_CTX_DAG_OWNER='***' AIRFLOW_CTX_DAG_ID='parallel_etl_model_training' AIRFLOW_CTX_TASK_ID='train_model_for_product_4' AIRFLOW_CTX_EXECUTION_DATE='2025-03-16T00:00:00+00:00' AIRFLOW_CTX_TRY_NUMBER='1' AIRFLOW_CTX_DAG_RUN_ID='scheduled__2025-03-16T00:00:00+00:00'
[2025-03-17T05:48:54.568+0000] {logging_mixin.py:190} INFO - Task instance is in running state
[2025-03-17T05:48:54.568+0000] {logging_mixin.py:190} INFO -  Previous state of the Task instance: queued
[2025-03-17T05:48:54.570+0000] {logging_mixin.py:190} INFO - Current task name:train_model_for_product_4 state:running start_date:2025-03-17 05:48:53.728177+00:00
[2025-03-17T05:48:54.571+0000] {logging_mixin.py:190} INFO - Dag name:parallel_etl_model_training and current dag run status:running
[2025-03-17T05:48:54.572+0000] {taskinstance.py:732} INFO - ::endgroup::
[2025-03-17T05:48:54.615+0000] {parallel_etl_and_model_training.py:97} INFO - Starting model training for product: 27in 4K Gaming Monitor
[2025-03-17T05:49:08.098+0000] {parallel_etl_and_model_training.py:100} INFO - Feature data downloaded. Shape: (185116, 24)
[2025-03-17T05:49:08.204+0000] {parallel_etl_and_model_training.py:103} INFO - Product data prepared. Shape: (6195, 24)
[2025-03-17T05:49:08.229+0000] {parallel_etl_and_model_training.py:106} INFO - Data split. Train shape: (4956, 24), Test shape: (1239, 24)
[2025-03-17T05:49:10.040+0000] {parallel_etl_and_model_training.py:109} INFO - Model built and evaluated for product: 27in 4K Gaming Monitor
[2025-03-17T05:49:11.574+0000] {parallel_etl_and_model_training.py:113} INFO - Model saved to models/27in_4K_Gaming_Monitor_sales_model.pkl
[2025-03-17T05:49:11.578+0000] {python.py:240} INFO - Done. Returned value was: True
[2025-03-17T05:49:11.637+0000] {taskinstance.py:341} INFO - ::group::Post task execution logs
[2025-03-17T05:49:11.639+0000] {taskinstance.py:353} INFO - Marking task as SUCCESS. dag_id=parallel_etl_model_training, task_id=train_model_for_product_4, run_id=scheduled__2025-03-16T00:00:00+00:00, execution_date=20250316T000000, start_date=20250317T054853, end_date=20250317T054911
[2025-03-17T05:49:11.711+0000] {logging_mixin.py:190} INFO - Task instance in success state
[2025-03-17T05:49:11.713+0000] {logging_mixin.py:190} INFO -  Previous state of the Task instance: running
[2025-03-17T05:49:11.714+0000] {logging_mixin.py:190} INFO - Dag name:parallel_etl_model_training queued_at:2025-03-17 05:44:56.486571+00:00
[2025-03-17T05:49:11.714+0000] {logging_mixin.py:190} INFO - Task hostname:b4dde35c7dfd operator:PythonOperator
[2025-03-17T05:49:11.799+0000] {local_task_job_runner.py:266} INFO - Task exited with return code 0
[2025-03-17T05:49:11.847+0000] {taskinstance.py:3901} INFO - 0 downstream tasks scheduled from follow-on schedule check
[2025-03-17T05:49:11.850+0000] {local_task_job_runner.py:245} INFO - ::endgroup::
