[2025-03-17T05:46:04.793+0000] {local_task_job_runner.py:123} INFO - ::group::Pre task execution logs
[2025-03-17T05:46:04.866+0000] {taskinstance.py:2614} INFO - Dependencies all met for dep_context=non-requeueable deps ti=<TaskInstance: parallel_etl_model_training.transform_raw_data manual__2025-03-17T05:44:55.503606+00:00 [queued]>
[2025-03-17T05:46:04.898+0000] {taskinstance.py:2614} INFO - Dependencies all met for dep_context=requeueable deps ti=<TaskInstance: parallel_etl_model_training.transform_raw_data manual__2025-03-17T05:44:55.503606+00:00 [queued]>
[2025-03-17T05:46:04.898+0000] {taskinstance.py:2867} INFO - Starting attempt 1 of 2
[2025-03-17T05:46:04.938+0000] {taskinstance.py:2890} INFO - Executing <Task(PythonOperator): transform_raw_data> on 2025-03-17 05:44:55.503606+00:00
[2025-03-17T05:46:04.959+0000] {warnings.py:112} WARNING - /home/***/.local/lib/python3.12/site-packages/***/task/task_runner/standard_task_runner.py:70: DeprecationWarning: This process (pid=151) is multi-threaded, use of fork() may lead to deadlocks in the child.
  pid = os.fork()

[2025-03-17T05:46:04.962+0000] {standard_task_runner.py:72} INFO - Started process 177 to run task
[2025-03-17T05:46:04.963+0000] {standard_task_runner.py:104} INFO - Running: ['***', 'tasks', 'run', 'parallel_etl_model_training', 'transform_raw_data', 'manual__2025-03-17T05:44:55.503606+00:00', '--job-id', '14', '--raw', '--subdir', 'DAGS_FOLDER/Scripts/parallel_etl_and_model_training.py', '--cfg-path', '/tmp/tmpam89pmja']
[2025-03-17T05:46:04.965+0000] {standard_task_runner.py:105} INFO - Job 14: Subtask transform_raw_data
[2025-03-17T05:46:04.993+0000] {warnings.py:112} WARNING - /home/***/.local/lib/python3.12/site-packages/***/settings.py:209: DeprecationWarning: The sql_alchemy_conn option in [core] has been moved to the sql_alchemy_conn option in [database] - the old setting has been used, but please update your config.
  SQL_ALCHEMY_CONN = conf.get("database", "SQL_ALCHEMY_CONN")

[2025-03-17T05:46:05.067+0000] {task_command.py:467} INFO - Running <TaskInstance: parallel_etl_model_training.transform_raw_data manual__2025-03-17T05:44:55.503606+00:00 [running]> on host b4dde35c7dfd
[2025-03-17T05:46:05.236+0000] {taskinstance.py:3134} INFO - Exporting env vars: AIRFLOW_CTX_DAG_OWNER='***' AIRFLOW_CTX_DAG_ID='parallel_etl_model_training' AIRFLOW_CTX_TASK_ID='transform_raw_data' AIRFLOW_CTX_EXECUTION_DATE='2025-03-17T05:44:55.503606+00:00' AIRFLOW_CTX_TRY_NUMBER='1' AIRFLOW_CTX_DAG_RUN_ID='manual__2025-03-17T05:44:55.503606+00:00'
[2025-03-17T05:46:05.238+0000] {logging_mixin.py:190} INFO - Task instance is in running state
[2025-03-17T05:46:05.239+0000] {logging_mixin.py:190} INFO -  Previous state of the Task instance: queued
[2025-03-17T05:46:05.240+0000] {logging_mixin.py:190} INFO - Current task name:transform_raw_data state:running start_date:2025-03-17 05:46:04.867364+00:00
[2025-03-17T05:46:05.241+0000] {logging_mixin.py:190} INFO - Dag name:parallel_etl_model_training and current dag run status:running
[2025-03-17T05:46:05.241+0000] {taskinstance.py:732} INFO - ::endgroup::
[2025-03-17T05:46:05.243+0000] {parallel_etl_and_model_training.py:44} INFO - Starting data transformation
[2025-03-17T05:46:06.667+0000] {warnings.py:112} WARNING - /opt/***/dags/Scripts/parallel_etl_and_model_training.py:51: FutureWarning: Passing literal json to 'read_json' is deprecated and will be removed in a future version. To read from a literal string, wrap it in a 'StringIO' object.
  raw_df = pd.read_json(raw_data_json)

[2025-03-17T05:46:08.600+0000] {parallel_etl_and_model_training.py:52} INFO - Raw data loaded from XCom. Shape: (186850, 6)
[2025-03-17T05:46:09.492+0000] {warnings.py:112} WARNING - /opt/***/dags/Scripts/etl.py:72: UserWarning: Could not infer format, so each element will be parsed individually, falling back to `dateutil`. To ensure parsing is consistent and as-expected, please specify a format.
  df['order_date'] = pd.to_datetime(df['order_date'], errors='coerce')

[2025-03-17T05:47:17.794+0000] {parallel_etl_and_model_training.py:55} INFO - Data cleaned. Shape: (185687, 14)
[2025-03-17T05:47:30.389+0000] {parallel_etl_and_model_training.py:58} INFO - Transformed data uploaded to processed/transformed/sales-processed.parquet
[2025-03-17T05:47:30.472+0000] {python.py:240} INFO - Done. Returned value was: True
[2025-03-17T05:47:30.523+0000] {taskinstance.py:341} INFO - ::group::Post task execution logs
[2025-03-17T05:47:30.524+0000] {taskinstance.py:353} INFO - Marking task as SUCCESS. dag_id=parallel_etl_model_training, task_id=transform_raw_data, run_id=manual__2025-03-17T05:44:55.503606+00:00, execution_date=20250317T054455, start_date=20250317T054604, end_date=20250317T054730
[2025-03-17T05:47:30.580+0000] {logging_mixin.py:190} INFO - Task instance in success state
[2025-03-17T05:47:30.583+0000] {logging_mixin.py:190} INFO -  Previous state of the Task instance: running
[2025-03-17T05:47:30.587+0000] {logging_mixin.py:190} INFO - Dag name:parallel_etl_model_training queued_at:2025-03-17 05:44:55.684590+00:00
[2025-03-17T05:47:30.590+0000] {logging_mixin.py:190} INFO - Task hostname:b4dde35c7dfd operator:PythonOperator
[2025-03-17T05:47:30.645+0000] {local_task_job_runner.py:266} INFO - Task exited with return code 0
[2025-03-17T05:47:30.695+0000] {taskinstance.py:3901} INFO - 1 downstream tasks scheduled from follow-on schedule check
[2025-03-17T05:47:30.697+0000] {local_task_job_runner.py:245} INFO - ::endgroup::
