[2025-03-17T06:20:42.138+0000] {local_task_job_runner.py:123} INFO - ::group::Pre task execution logs
[2025-03-17T06:20:42.237+0000] {taskinstance.py:2614} INFO - Dependencies all met for dep_context=non-requeueable deps ti=<TaskInstance: parallel_etl_model_training.train_model_for_product_2 manual__2025-03-17T06:17:45.999657+00:00 [queued]>
[2025-03-17T06:20:42.288+0000] {taskinstance.py:2614} INFO - Dependencies all met for dep_context=requeueable deps ti=<TaskInstance: parallel_etl_model_training.train_model_for_product_2 manual__2025-03-17T06:17:45.999657+00:00 [queued]>
[2025-03-17T06:20:42.289+0000] {taskinstance.py:2867} INFO - Starting attempt 1 of 2
[2025-03-17T06:20:42.375+0000] {taskinstance.py:2890} INFO - Executing <Task(PythonOperator): train_model_for_product_2> on 2025-03-17 06:17:45.999657+00:00
[2025-03-17T06:20:42.415+0000] {standard_task_runner.py:104} INFO - Running: ['***', 'tasks', 'run', 'parallel_etl_model_training', 'train_model_for_product_2', 'manual__2025-03-17T06:17:45.999657+00:00', '--job-id', '36', '--raw', '--subdir', 'DAGS_FOLDER/Scripts/etl_training_dag.py', '--cfg-path', '/tmp/tmpbttnxjss']
[2025-03-17T06:20:42.411+0000] {warnings.py:112} WARNING - /home/***/.local/lib/python3.12/site-packages/***/task/task_runner/standard_task_runner.py:70: DeprecationWarning: This process (pid=817) is multi-threaded, use of fork() may lead to deadlocks in the child.
  pid = os.fork()

[2025-03-17T06:20:42.418+0000] {standard_task_runner.py:105} INFO - Job 36: Subtask train_model_for_product_2
[2025-03-17T06:20:42.419+0000] {standard_task_runner.py:72} INFO - Started process 907 to run task
[2025-03-17T06:20:42.469+0000] {warnings.py:112} WARNING - /home/***/.local/lib/python3.12/site-packages/***/settings.py:209: DeprecationWarning: The sql_alchemy_conn option in [core] has been moved to the sql_alchemy_conn option in [database] - the old setting has been used, but please update your config.
  SQL_ALCHEMY_CONN = conf.get("database", "SQL_ALCHEMY_CONN")

[2025-03-17T06:20:42.605+0000] {task_command.py:467} INFO - Running <TaskInstance: parallel_etl_model_training.train_model_for_product_2 manual__2025-03-17T06:17:45.999657+00:00 [running]> on host b4dde35c7dfd
[2025-03-17T06:20:42.915+0000] {taskinstance.py:3134} INFO - Exporting env vars: AIRFLOW_CTX_DAG_OWNER='***' AIRFLOW_CTX_DAG_ID='parallel_etl_model_training' AIRFLOW_CTX_TASK_ID='train_model_for_product_2' AIRFLOW_CTX_EXECUTION_DATE='2025-03-17T06:17:45.999657+00:00' AIRFLOW_CTX_TRY_NUMBER='1' AIRFLOW_CTX_DAG_RUN_ID='manual__2025-03-17T06:17:45.999657+00:00'
[2025-03-17T06:20:42.917+0000] {logging_mixin.py:190} INFO - Task instance is in running state
[2025-03-17T06:20:42.918+0000] {logging_mixin.py:190} INFO -  Previous state of the Task instance: queued
[2025-03-17T06:20:42.919+0000] {logging_mixin.py:190} INFO - Current task name:train_model_for_product_2 state:running start_date:2025-03-17 06:20:42.238546+00:00
[2025-03-17T06:20:42.919+0000] {logging_mixin.py:190} INFO - Dag name:parallel_etl_model_training and current dag run status:running
[2025-03-17T06:20:42.920+0000] {taskinstance.py:732} INFO - ::endgroup::
[2025-03-17T06:20:42.957+0000] {etl_training_dag.py:98} INFO - Starting model training for product: ThinkPad Laptop
[2025-03-17T06:20:47.472+0000] {etl_training_dag.py:101} INFO - Feature data downloaded. Shape: (185116, 24)
[2025-03-17T06:20:47.515+0000] {etl_training_dag.py:104} INFO - Product data prepared. Shape: (4096, 24)
[2025-03-17T06:20:47.517+0000] {etl_training_dag.py:107} INFO - Data split. Train shape: (3276, 24), Test shape: (820, 24)
[2025-03-17T06:20:48.566+0000] {etl_training_dag.py:110} INFO - Model built and evaluated for product: ThinkPad Laptop
[2025-03-17T06:20:49.015+0000] {etl_training_dag.py:114} INFO - Model saved to models/ThinkPad_Laptop_sales_model.pkl
[2025-03-17T06:20:49.017+0000] {python.py:240} INFO - Done. Returned value was: True
[2025-03-17T06:20:49.064+0000] {taskinstance.py:341} INFO - ::group::Post task execution logs
[2025-03-17T06:20:49.068+0000] {taskinstance.py:353} INFO - Marking task as SUCCESS. dag_id=parallel_etl_model_training, task_id=train_model_for_product_2, run_id=manual__2025-03-17T06:17:45.999657+00:00, execution_date=20250317T061745, start_date=20250317T062042, end_date=20250317T062049
[2025-03-17T06:20:49.111+0000] {logging_mixin.py:190} INFO - Task instance in success state
[2025-03-17T06:20:49.112+0000] {logging_mixin.py:190} INFO -  Previous state of the Task instance: running
[2025-03-17T06:20:49.112+0000] {logging_mixin.py:190} INFO - Dag name:parallel_etl_model_training queued_at:2025-03-17 06:17:46.057492+00:00
[2025-03-17T06:20:49.113+0000] {logging_mixin.py:190} INFO - Task hostname:b4dde35c7dfd operator:PythonOperator
[2025-03-17T06:20:49.146+0000] {local_task_job_runner.py:266} INFO - Task exited with return code 0
[2025-03-17T06:20:49.194+0000] {taskinstance.py:3901} INFO - 0 downstream tasks scheduled from follow-on schedule check
[2025-03-17T06:20:49.196+0000] {local_task_job_runner.py:245} INFO - ::endgroup::
