[2025-03-17T06:20:22.016+0000] {local_task_job_runner.py:123} INFO - ::group::Pre task execution logs
[2025-03-17T06:20:22.069+0000] {taskinstance.py:2614} INFO - Dependencies all met for dep_context=non-requeueable deps ti=<TaskInstance: parallel_etl_model_training.identify_top_products manual__2025-03-17T06:17:45.999657+00:00 [queued]>
[2025-03-17T06:20:22.093+0000] {taskinstance.py:2614} INFO - Dependencies all met for dep_context=requeueable deps ti=<TaskInstance: parallel_etl_model_training.identify_top_products manual__2025-03-17T06:17:45.999657+00:00 [queued]>
[2025-03-17T06:20:22.094+0000] {taskinstance.py:2867} INFO - Starting attempt 1 of 2
[2025-03-17T06:20:22.206+0000] {taskinstance.py:2890} INFO - Executing <Task(PythonOperator): identify_top_products> on 2025-03-17 06:17:45.999657+00:00
[2025-03-17T06:20:22.229+0000] {warnings.py:112} WARNING - /home/***/.local/lib/python3.12/site-packages/***/task/task_runner/standard_task_runner.py:70: DeprecationWarning: This process (pid=784) is multi-threaded, use of fork() may lead to deadlocks in the child.
  pid = os.fork()

[2025-03-17T06:20:22.233+0000] {standard_task_runner.py:72} INFO - Started process 797 to run task
[2025-03-17T06:20:22.235+0000] {standard_task_runner.py:104} INFO - Running: ['***', 'tasks', 'run', 'parallel_etl_model_training', 'identify_top_products', 'manual__2025-03-17T06:17:45.999657+00:00', '--job-id', '32', '--raw', '--subdir', 'DAGS_FOLDER/Scripts/etl_training_dag.py', '--cfg-path', '/tmp/tmpmuej3u93']
[2025-03-17T06:20:22.237+0000] {standard_task_runner.py:105} INFO - Job 32: Subtask identify_top_products
[2025-03-17T06:20:22.263+0000] {warnings.py:112} WARNING - /home/***/.local/lib/python3.12/site-packages/***/settings.py:209: DeprecationWarning: The sql_alchemy_conn option in [core] has been moved to the sql_alchemy_conn option in [database] - the old setting has been used, but please update your config.
  SQL_ALCHEMY_CONN = conf.get("database", "SQL_ALCHEMY_CONN")

[2025-03-17T06:20:22.349+0000] {task_command.py:467} INFO - Running <TaskInstance: parallel_etl_model_training.identify_top_products manual__2025-03-17T06:17:45.999657+00:00 [running]> on host b4dde35c7dfd
[2025-03-17T06:20:22.564+0000] {taskinstance.py:3134} INFO - Exporting env vars: AIRFLOW_CTX_DAG_OWNER='***' AIRFLOW_CTX_DAG_ID='parallel_etl_model_training' AIRFLOW_CTX_TASK_ID='identify_top_products' AIRFLOW_CTX_EXECUTION_DATE='2025-03-17T06:17:45.999657+00:00' AIRFLOW_CTX_TRY_NUMBER='1' AIRFLOW_CTX_DAG_RUN_ID='manual__2025-03-17T06:17:45.999657+00:00'
[2025-03-17T06:20:22.566+0000] {logging_mixin.py:190} INFO - Task instance is in running state
[2025-03-17T06:20:22.567+0000] {logging_mixin.py:190} INFO -  Previous state of the Task instance: queued
[2025-03-17T06:20:22.568+0000] {logging_mixin.py:190} INFO - Current task name:identify_top_products state:running start_date:2025-03-17 06:20:22.070555+00:00
[2025-03-17T06:20:22.568+0000] {logging_mixin.py:190} INFO - Dag name:parallel_etl_model_training and current dag run status:running
[2025-03-17T06:20:22.569+0000] {taskinstance.py:732} INFO - ::endgroup::
[2025-03-17T06:20:22.570+0000] {etl_training_dag.py:122} INFO - Starting to identify top products
[2025-03-17T06:20:24.475+0000] {etl_training_dag.py:125} INFO - Feature data downloaded. Shape: (185116, 24)
[2025-03-17T06:20:24.598+0000] {etl_training_dag.py:128} INFO - Top products identified: ['Macbook Pro Laptop', 'iPhone', 'ThinkPad Laptop', 'Google Phone', '27in 4K Gaming Monitor']
[2025-03-17T06:20:24.632+0000] {python.py:240} INFO - Done. Returned value was: ['Macbook Pro Laptop', 'iPhone', 'ThinkPad Laptop', 'Google Phone', '27in 4K Gaming Monitor']
[2025-03-17T06:20:24.689+0000] {taskinstance.py:341} INFO - ::group::Post task execution logs
[2025-03-17T06:20:24.691+0000] {taskinstance.py:353} INFO - Marking task as SUCCESS. dag_id=parallel_etl_model_training, task_id=identify_top_products, run_id=manual__2025-03-17T06:17:45.999657+00:00, execution_date=20250317T061745, start_date=20250317T062022, end_date=20250317T062024
[2025-03-17T06:20:24.747+0000] {logging_mixin.py:190} INFO - Task instance in success state
[2025-03-17T06:20:24.749+0000] {logging_mixin.py:190} INFO -  Previous state of the Task instance: running
[2025-03-17T06:20:24.750+0000] {logging_mixin.py:190} INFO - Dag name:parallel_etl_model_training queued_at:2025-03-17 06:17:46.057492+00:00
[2025-03-17T06:20:24.751+0000] {logging_mixin.py:190} INFO - Task hostname:b4dde35c7dfd operator:PythonOperator
[2025-03-17T06:20:24.798+0000] {local_task_job_runner.py:266} INFO - Task exited with return code 0
[2025-03-17T06:20:24.880+0000] {taskinstance.py:3901} INFO - 5 downstream tasks scheduled from follow-on schedule check
[2025-03-17T06:20:24.883+0000] {local_task_job_runner.py:245} INFO - ::endgroup::
