[2025-03-17T05:47:34.132+0000] {local_task_job_runner.py:123} INFO - ::group::Pre task execution logs
[2025-03-17T05:47:34.169+0000] {taskinstance.py:2614} INFO - Dependencies all met for dep_context=non-requeueable deps ti=<TaskInstance: parallel_etl_model_training.transformed_to_features scheduled__2025-03-16T00:00:00+00:00 [queued]>
[2025-03-17T05:47:34.191+0000] {taskinstance.py:2614} INFO - Dependencies all met for dep_context=requeueable deps ti=<TaskInstance: parallel_etl_model_training.transformed_to_features scheduled__2025-03-16T00:00:00+00:00 [queued]>
[2025-03-17T05:47:34.193+0000] {taskinstance.py:2867} INFO - Starting attempt 1 of 2
[2025-03-17T05:47:34.217+0000] {taskinstance.py:2890} INFO - Executing <Task(PythonOperator): transformed_to_features> on 2025-03-16 00:00:00+00:00
[2025-03-17T05:47:34.237+0000] {warnings.py:112} WARNING - /home/***/.local/lib/python3.12/site-packages/***/task/task_runner/standard_task_runner.py:70: DeprecationWarning: This process (pid=190) is multi-threaded, use of fork() may lead to deadlocks in the child.
  pid = os.fork()

[2025-03-17T05:47:34.242+0000] {standard_task_runner.py:72} INFO - Started process 216 to run task
[2025-03-17T05:47:34.242+0000] {standard_task_runner.py:104} INFO - Running: ['***', 'tasks', 'run', 'parallel_etl_model_training', 'transformed_to_features', 'scheduled__2025-03-16T00:00:00+00:00', '--job-id', '15', '--raw', '--subdir', 'DAGS_FOLDER/Scripts/parallel_etl_and_model_training.py', '--cfg-path', '/tmp/tmput4uj8n4']
[2025-03-17T05:47:34.244+0000] {standard_task_runner.py:105} INFO - Job 15: Subtask transformed_to_features
[2025-03-17T05:47:34.269+0000] {warnings.py:112} WARNING - /home/***/.local/lib/python3.12/site-packages/***/settings.py:209: DeprecationWarning: The sql_alchemy_conn option in [core] has been moved to the sql_alchemy_conn option in [database] - the old setting has been used, but please update your config.
  SQL_ALCHEMY_CONN = conf.get("database", "SQL_ALCHEMY_CONN")

[2025-03-17T05:47:34.345+0000] {task_command.py:467} INFO - Running <TaskInstance: parallel_etl_model_training.transformed_to_features scheduled__2025-03-16T00:00:00+00:00 [running]> on host b4dde35c7dfd
[2025-03-17T05:47:34.347+0000] {warnings.py:112} WARNING - /home/***/.local/lib/python3.12/site-packages/***/settings.py:470: DeprecationWarning: The sql_alchemy_conn option in [core] has been moved to the sql_alchemy_conn option in [database] - the old setting has been used, but please update your config.
  if conf.get("database", "sql_alchemy_conn") == "none://":

[2025-03-17T05:47:34.510+0000] {taskinstance.py:3134} INFO - Exporting env vars: AIRFLOW_CTX_DAG_OWNER='***' AIRFLOW_CTX_DAG_ID='parallel_etl_model_training' AIRFLOW_CTX_TASK_ID='transformed_to_features' AIRFLOW_CTX_EXECUTION_DATE='2025-03-16T00:00:00+00:00' AIRFLOW_CTX_TRY_NUMBER='1' AIRFLOW_CTX_DAG_RUN_ID='scheduled__2025-03-16T00:00:00+00:00'
[2025-03-17T05:47:34.514+0000] {logging_mixin.py:190} INFO - Task instance is in running state
[2025-03-17T05:47:34.515+0000] {logging_mixin.py:190} INFO -  Previous state of the Task instance: queued
[2025-03-17T05:47:34.516+0000] {logging_mixin.py:190} INFO - Current task name:transformed_to_features state:running start_date:2025-03-17 05:47:34.170688+00:00
[2025-03-17T05:47:34.518+0000] {logging_mixin.py:190} INFO - Dag name:parallel_etl_model_training and current dag run status:running
[2025-03-17T05:47:34.519+0000] {taskinstance.py:732} INFO - ::endgroup::
[2025-03-17T05:47:34.524+0000] {parallel_etl_and_model_training.py:66} INFO - Starting ETL process: transformed to features
[2025-03-17T05:47:45.777+0000] {parallel_etl_and_model_training.py:83} INFO - Transformed data downloaded. Shape: (185687, 14)
[2025-03-17T05:47:50.543+0000] {parallel_etl_and_model_training.py:86} INFO - Features extracted. Shape: (185116, 24)
[2025-03-17T05:47:54.283+0000] {parallel_etl_and_model_training.py:89} INFO - Feature data uploaded to processed/feature/sales-feature.parquet
[2025-03-17T05:47:54.305+0000] {python.py:240} INFO - Done. Returned value was: True
[2025-03-17T05:47:54.342+0000] {taskinstance.py:341} INFO - ::group::Post task execution logs
[2025-03-17T05:47:54.343+0000] {taskinstance.py:353} INFO - Marking task as SUCCESS. dag_id=parallel_etl_model_training, task_id=transformed_to_features, run_id=scheduled__2025-03-16T00:00:00+00:00, execution_date=20250316T000000, start_date=20250317T054734, end_date=20250317T054754
[2025-03-17T05:47:54.376+0000] {logging_mixin.py:190} INFO - Task instance in success state
[2025-03-17T05:47:54.376+0000] {logging_mixin.py:190} INFO -  Previous state of the Task instance: running
[2025-03-17T05:47:54.377+0000] {logging_mixin.py:190} INFO - Dag name:parallel_etl_model_training queued_at:2025-03-17 05:44:56.486571+00:00
[2025-03-17T05:47:54.377+0000] {logging_mixin.py:190} INFO - Task hostname:b4dde35c7dfd operator:PythonOperator
[2025-03-17T05:47:54.415+0000] {local_task_job_runner.py:266} INFO - Task exited with return code 0
[2025-03-17T05:47:54.461+0000] {taskinstance.py:3901} INFO - 1 downstream tasks scheduled from follow-on schedule check
[2025-03-17T05:47:54.463+0000] {local_task_job_runner.py:245} INFO - ::endgroup::
