[2025-03-17T05:44:16.538+0000] {processor.py:186} INFO - Started process (PID=6712) to work on /opt/airflow/dags/Scripts/parallel_etl_and_model_training.py
[2025-03-17T05:44:16.540+0000] {processor.py:914} INFO - Processing file /opt/airflow/dags/Scripts/parallel_etl_and_model_training.py for tasks to queue
[2025-03-17T05:44:16.544+0000] {logging_mixin.py:190} INFO - [2025-03-17T05:44:16.544+0000] {dagbag.py:588} INFO - Filling up the DagBag from /opt/airflow/dags/Scripts/parallel_etl_and_model_training.py
[2025-03-17T05:44:19.196+0000] {logging_mixin.py:190} INFO - [2025-03-17T05:44:19.195+0000] {parallel_etl_and_model_training.py:17} INFO - Successfully imported functions from etl.py and model.py
[2025-03-17T05:44:19.201+0000] {processor.py:925} INFO - DAG(s) 'parallel_etl_model_training' retrieved from /opt/airflow/dags/Scripts/parallel_etl_and_model_training.py
[2025-03-17T05:44:19.396+0000] {logging_mixin.py:190} INFO - [2025-03-17T05:44:19.395+0000] {override.py:1930} INFO - Created Permission View: can edit on DAG:parallel_etl_model_training
[2025-03-17T05:44:19.410+0000] {logging_mixin.py:190} INFO - [2025-03-17T05:44:19.410+0000] {override.py:1930} INFO - Created Permission View: can read on DAG:parallel_etl_model_training
[2025-03-17T05:44:19.416+0000] {logging_mixin.py:190} INFO - [2025-03-17T05:44:19.415+0000] {override.py:1930} INFO - Created Permission View: can delete on DAG:parallel_etl_model_training
[2025-03-17T05:44:19.422+0000] {logging_mixin.py:190} INFO - [2025-03-17T05:44:19.422+0000] {override.py:1930} INFO - Created Permission View: can read on DAG Run:parallel_etl_model_training
[2025-03-17T05:44:19.431+0000] {logging_mixin.py:190} INFO - [2025-03-17T05:44:19.430+0000] {override.py:1930} INFO - Created Permission View: menu access on DAG Run:parallel_etl_model_training
[2025-03-17T05:44:19.436+0000] {logging_mixin.py:190} INFO - [2025-03-17T05:44:19.436+0000] {override.py:1930} INFO - Created Permission View: can create on DAG Run:parallel_etl_model_training
[2025-03-17T05:44:19.442+0000] {logging_mixin.py:190} INFO - [2025-03-17T05:44:19.442+0000] {override.py:1930} INFO - Created Permission View: can delete on DAG Run:parallel_etl_model_training
[2025-03-17T05:44:19.444+0000] {logging_mixin.py:190} INFO - [2025-03-17T05:44:19.443+0000] {dag.py:3239} INFO - Sync 1 DAGs
[2025-03-17T05:44:19.470+0000] {logging_mixin.py:190} INFO - [2025-03-17T05:44:19.470+0000] {dag.py:3262} INFO - Creating ORM DAG for parallel_etl_model_training
[2025-03-17T05:44:19.482+0000] {logging_mixin.py:190} INFO - [2025-03-17T05:44:19.482+0000] {dag.py:4180} INFO - Setting next_dagrun for parallel_etl_model_training to 2025-03-16 00:00:00+00:00, run_after=2025-03-17 00:00:00+00:00
[2025-03-17T05:44:19.518+0000] {processor.py:208} INFO - Processing /opt/airflow/dags/Scripts/parallel_etl_and_model_training.py took 2.993 seconds
[2025-03-17T05:44:49.702+0000] {processor.py:186} INFO - Started process (PID=6794) to work on /opt/airflow/dags/Scripts/parallel_etl_and_model_training.py
[2025-03-17T05:44:49.703+0000] {processor.py:914} INFO - Processing file /opt/airflow/dags/Scripts/parallel_etl_and_model_training.py for tasks to queue
[2025-03-17T05:44:49.707+0000] {logging_mixin.py:190} INFO - [2025-03-17T05:44:49.706+0000] {dagbag.py:588} INFO - Filling up the DagBag from /opt/airflow/dags/Scripts/parallel_etl_and_model_training.py
[2025-03-17T05:44:51.860+0000] {logging_mixin.py:190} INFO - [2025-03-17T05:44:51.859+0000] {parallel_etl_and_model_training.py:17} INFO - Successfully imported functions from etl.py and model.py
[2025-03-17T05:44:51.867+0000] {processor.py:925} INFO - DAG(s) 'parallel_etl_model_training' retrieved from /opt/airflow/dags/Scripts/parallel_etl_and_model_training.py
[2025-03-17T05:44:51.901+0000] {logging_mixin.py:190} INFO - [2025-03-17T05:44:51.901+0000] {dag.py:3239} INFO - Sync 1 DAGs
[2025-03-17T05:44:51.938+0000] {logging_mixin.py:190} INFO - [2025-03-17T05:44:51.938+0000] {dag.py:4180} INFO - Setting next_dagrun for parallel_etl_model_training to 2025-03-16 00:00:00+00:00, run_after=2025-03-17 00:00:00+00:00
[2025-03-17T05:44:51.963+0000] {processor.py:208} INFO - Processing /opt/airflow/dags/Scripts/parallel_etl_and_model_training.py took 2.269 seconds
[2025-03-17T05:45:22.715+0000] {processor.py:186} INFO - Started process (PID=6882) to work on /opt/airflow/dags/Scripts/parallel_etl_and_model_training.py
[2025-03-17T05:45:22.720+0000] {processor.py:914} INFO - Processing file /opt/airflow/dags/Scripts/parallel_etl_and_model_training.py for tasks to queue
[2025-03-17T05:45:22.760+0000] {logging_mixin.py:190} INFO - [2025-03-17T05:45:22.755+0000] {dagbag.py:588} INFO - Filling up the DagBag from /opt/airflow/dags/Scripts/parallel_etl_and_model_training.py
[2025-03-17T05:45:25.822+0000] {logging_mixin.py:190} INFO - [2025-03-17T05:45:25.822+0000] {parallel_etl_and_model_training.py:17} INFO - Successfully imported functions from etl.py and model.py
[2025-03-17T05:45:25.829+0000] {processor.py:925} INFO - DAG(s) 'parallel_etl_model_training' retrieved from /opt/airflow/dags/Scripts/parallel_etl_and_model_training.py
[2025-03-17T05:45:25.863+0000] {logging_mixin.py:190} INFO - [2025-03-17T05:45:25.863+0000] {dag.py:3239} INFO - Sync 1 DAGs
[2025-03-17T05:45:25.923+0000] {logging_mixin.py:190} INFO - [2025-03-17T05:45:25.922+0000] {dag.py:4180} INFO - Setting next_dagrun for parallel_etl_model_training to 2025-03-17 00:00:00+00:00, run_after=2025-03-18 00:00:00+00:00
[2025-03-17T05:45:25.962+0000] {processor.py:208} INFO - Processing /opt/airflow/dags/Scripts/parallel_etl_and_model_training.py took 3.266 seconds
[2025-03-17T05:45:59.276+0000] {processor.py:186} INFO - Started process (PID=6972) to work on /opt/airflow/dags/Scripts/parallel_etl_and_model_training.py
[2025-03-17T05:45:59.280+0000] {processor.py:914} INFO - Processing file /opt/airflow/dags/Scripts/parallel_etl_and_model_training.py for tasks to queue
[2025-03-17T05:45:59.300+0000] {logging_mixin.py:190} INFO - [2025-03-17T05:45:59.294+0000] {dagbag.py:588} INFO - Filling up the DagBag from /opt/airflow/dags/Scripts/parallel_etl_and_model_training.py
[2025-03-17T05:46:02.822+0000] {logging_mixin.py:190} INFO - [2025-03-17T05:46:02.821+0000] {parallel_etl_and_model_training.py:17} INFO - Successfully imported functions from etl.py and model.py
[2025-03-17T05:46:02.832+0000] {processor.py:925} INFO - DAG(s) 'parallel_etl_model_training' retrieved from /opt/airflow/dags/Scripts/parallel_etl_and_model_training.py
[2025-03-17T05:46:02.874+0000] {logging_mixin.py:190} INFO - [2025-03-17T05:46:02.872+0000] {dag.py:3239} INFO - Sync 1 DAGs
[2025-03-17T05:46:02.918+0000] {logging_mixin.py:190} INFO - [2025-03-17T05:46:02.918+0000] {dag.py:4180} INFO - Setting next_dagrun for parallel_etl_model_training to 2025-03-17 00:00:00+00:00, run_after=2025-03-18 00:00:00+00:00
[2025-03-17T05:46:02.968+0000] {processor.py:208} INFO - Processing /opt/airflow/dags/Scripts/parallel_etl_and_model_training.py took 3.716 seconds
[2025-03-17T05:46:33.587+0000] {processor.py:186} INFO - Started process (PID=7059) to work on /opt/airflow/dags/Scripts/parallel_etl_and_model_training.py
[2025-03-17T05:46:33.589+0000] {processor.py:914} INFO - Processing file /opt/airflow/dags/Scripts/parallel_etl_and_model_training.py for tasks to queue
[2025-03-17T05:46:33.593+0000] {logging_mixin.py:190} INFO - [2025-03-17T05:46:33.592+0000] {dagbag.py:588} INFO - Filling up the DagBag from /opt/airflow/dags/Scripts/parallel_etl_and_model_training.py
[2025-03-17T05:46:36.650+0000] {logging_mixin.py:190} INFO - [2025-03-17T05:46:36.650+0000] {parallel_etl_and_model_training.py:17} INFO - Successfully imported functions from etl.py and model.py
[2025-03-17T05:46:36.661+0000] {processor.py:925} INFO - DAG(s) 'parallel_etl_model_training' retrieved from /opt/airflow/dags/Scripts/parallel_etl_and_model_training.py
[2025-03-17T05:46:36.700+0000] {logging_mixin.py:190} INFO - [2025-03-17T05:46:36.699+0000] {dag.py:3239} INFO - Sync 1 DAGs
[2025-03-17T05:46:36.746+0000] {logging_mixin.py:190} INFO - [2025-03-17T05:46:36.745+0000] {dag.py:4180} INFO - Setting next_dagrun for parallel_etl_model_training to 2025-03-17 00:00:00+00:00, run_after=2025-03-18 00:00:00+00:00
[2025-03-17T05:46:36.782+0000] {processor.py:208} INFO - Processing /opt/airflow/dags/Scripts/parallel_etl_and_model_training.py took 3.210 seconds
[2025-03-17T05:47:06.998+0000] {processor.py:186} INFO - Started process (PID=7143) to work on /opt/airflow/dags/Scripts/parallel_etl_and_model_training.py
[2025-03-17T05:47:07.001+0000] {processor.py:914} INFO - Processing file /opt/airflow/dags/Scripts/parallel_etl_and_model_training.py for tasks to queue
[2025-03-17T05:47:07.007+0000] {logging_mixin.py:190} INFO - [2025-03-17T05:47:07.006+0000] {dagbag.py:588} INFO - Filling up the DagBag from /opt/airflow/dags/Scripts/parallel_etl_and_model_training.py
[2025-03-17T05:47:09.806+0000] {logging_mixin.py:190} INFO - [2025-03-17T05:47:09.806+0000] {parallel_etl_and_model_training.py:17} INFO - Successfully imported functions from etl.py and model.py
[2025-03-17T05:47:09.814+0000] {processor.py:925} INFO - DAG(s) 'parallel_etl_model_training' retrieved from /opt/airflow/dags/Scripts/parallel_etl_and_model_training.py
[2025-03-17T05:47:09.861+0000] {logging_mixin.py:190} INFO - [2025-03-17T05:47:09.860+0000] {dag.py:3239} INFO - Sync 1 DAGs
[2025-03-17T05:47:09.906+0000] {logging_mixin.py:190} INFO - [2025-03-17T05:47:09.905+0000] {dag.py:4180} INFO - Setting next_dagrun for parallel_etl_model_training to 2025-03-17 00:00:00+00:00, run_after=2025-03-18 00:00:00+00:00
[2025-03-17T05:47:09.937+0000] {processor.py:208} INFO - Processing /opt/airflow/dags/Scripts/parallel_etl_and_model_training.py took 2.952 seconds
[2025-03-17T05:47:40.034+0000] {processor.py:186} INFO - Started process (PID=7235) to work on /opt/airflow/dags/Scripts/parallel_etl_and_model_training.py
[2025-03-17T05:47:40.036+0000] {processor.py:914} INFO - Processing file /opt/airflow/dags/Scripts/parallel_etl_and_model_training.py for tasks to queue
[2025-03-17T05:47:40.046+0000] {logging_mixin.py:190} INFO - [2025-03-17T05:47:40.045+0000] {dagbag.py:588} INFO - Filling up the DagBag from /opt/airflow/dags/Scripts/parallel_etl_and_model_training.py
[2025-03-17T05:47:42.610+0000] {logging_mixin.py:190} INFO - [2025-03-17T05:47:42.610+0000] {parallel_etl_and_model_training.py:17} INFO - Successfully imported functions from etl.py and model.py
[2025-03-17T05:47:42.617+0000] {processor.py:925} INFO - DAG(s) 'parallel_etl_model_training' retrieved from /opt/airflow/dags/Scripts/parallel_etl_and_model_training.py
[2025-03-17T05:47:42.652+0000] {logging_mixin.py:190} INFO - [2025-03-17T05:47:42.651+0000] {dag.py:3239} INFO - Sync 1 DAGs
[2025-03-17T05:47:42.689+0000] {logging_mixin.py:190} INFO - [2025-03-17T05:47:42.688+0000] {dag.py:4180} INFO - Setting next_dagrun for parallel_etl_model_training to 2025-03-17 00:00:00+00:00, run_after=2025-03-18 00:00:00+00:00
[2025-03-17T05:47:42.717+0000] {processor.py:208} INFO - Processing /opt/airflow/dags/Scripts/parallel_etl_and_model_training.py took 2.699 seconds
[2025-03-17T05:48:14.581+0000] {processor.py:186} INFO - Started process (PID=7329) to work on /opt/airflow/dags/Scripts/parallel_etl_and_model_training.py
[2025-03-17T05:48:14.584+0000] {processor.py:914} INFO - Processing file /opt/airflow/dags/Scripts/parallel_etl_and_model_training.py for tasks to queue
[2025-03-17T05:48:14.595+0000] {logging_mixin.py:190} INFO - [2025-03-17T05:48:14.594+0000] {dagbag.py:588} INFO - Filling up the DagBag from /opt/airflow/dags/Scripts/parallel_etl_and_model_training.py
[2025-03-17T05:48:36.210+0000] {logging_mixin.py:190} INFO - [2025-03-17T05:48:36.202+0000] {parallel_etl_and_model_training.py:17} INFO - Successfully imported functions from etl.py and model.py
[2025-03-17T05:48:36.383+0000] {processor.py:925} INFO - DAG(s) 'parallel_etl_model_training' retrieved from /opt/airflow/dags/Scripts/parallel_etl_and_model_training.py
[2025-03-17T05:48:37.162+0000] {logging_mixin.py:190} INFO - [2025-03-17T05:48:37.150+0000] {dag.py:3239} INFO - Sync 1 DAGs
[2025-03-17T05:48:37.707+0000] {logging_mixin.py:190} INFO - [2025-03-17T05:48:37.705+0000] {dag.py:4180} INFO - Setting next_dagrun for parallel_etl_model_training to 2025-03-17 00:00:00+00:00, run_after=2025-03-18 00:00:00+00:00
[2025-03-17T05:48:37.818+0000] {processor.py:208} INFO - Processing /opt/airflow/dags/Scripts/parallel_etl_and_model_training.py took 23.298 seconds
[2025-03-17T05:49:09.241+0000] {processor.py:186} INFO - Started process (PID=7416) to work on /opt/airflow/dags/Scripts/parallel_etl_and_model_training.py
[2025-03-17T05:49:09.243+0000] {processor.py:914} INFO - Processing file /opt/airflow/dags/Scripts/parallel_etl_and_model_training.py for tasks to queue
[2025-03-17T05:49:09.248+0000] {logging_mixin.py:190} INFO - [2025-03-17T05:49:09.248+0000] {dagbag.py:588} INFO - Filling up the DagBag from /opt/airflow/dags/Scripts/parallel_etl_and_model_training.py
[2025-03-17T05:49:12.174+0000] {logging_mixin.py:190} INFO - [2025-03-17T05:49:12.174+0000] {parallel_etl_and_model_training.py:17} INFO - Successfully imported functions from etl.py and model.py
[2025-03-17T05:49:12.184+0000] {processor.py:925} INFO - DAG(s) 'parallel_etl_model_training' retrieved from /opt/airflow/dags/Scripts/parallel_etl_and_model_training.py
[2025-03-17T05:49:12.215+0000] {logging_mixin.py:190} INFO - [2025-03-17T05:49:12.214+0000] {dag.py:3239} INFO - Sync 1 DAGs
[2025-03-17T05:49:12.247+0000] {logging_mixin.py:190} INFO - [2025-03-17T05:49:12.247+0000] {dag.py:4180} INFO - Setting next_dagrun for parallel_etl_model_training to 2025-03-17 00:00:00+00:00, run_after=2025-03-18 00:00:00+00:00
[2025-03-17T05:49:12.268+0000] {processor.py:208} INFO - Processing /opt/airflow/dags/Scripts/parallel_etl_and_model_training.py took 3.053 seconds
[2025-03-17T05:49:42.483+0000] {processor.py:186} INFO - Started process (PID=7503) to work on /opt/airflow/dags/Scripts/parallel_etl_and_model_training.py
[2025-03-17T05:49:42.484+0000] {processor.py:914} INFO - Processing file /opt/airflow/dags/Scripts/parallel_etl_and_model_training.py for tasks to queue
[2025-03-17T05:49:42.488+0000] {logging_mixin.py:190} INFO - [2025-03-17T05:49:42.488+0000] {dagbag.py:588} INFO - Filling up the DagBag from /opt/airflow/dags/Scripts/parallel_etl_and_model_training.py
[2025-03-17T05:49:44.382+0000] {logging_mixin.py:190} INFO - [2025-03-17T05:49:44.382+0000] {parallel_etl_and_model_training.py:17} INFO - Successfully imported functions from etl.py and model.py
[2025-03-17T05:49:44.392+0000] {processor.py:925} INFO - DAG(s) 'parallel_etl_model_training' retrieved from /opt/airflow/dags/Scripts/parallel_etl_and_model_training.py
[2025-03-17T05:49:44.422+0000] {logging_mixin.py:190} INFO - [2025-03-17T05:49:44.421+0000] {dag.py:3239} INFO - Sync 1 DAGs
[2025-03-17T05:49:44.511+0000] {logging_mixin.py:190} INFO - [2025-03-17T05:49:44.510+0000] {dag.py:4180} INFO - Setting next_dagrun for parallel_etl_model_training to 2025-03-17 00:00:00+00:00, run_after=2025-03-18 00:00:00+00:00
[2025-03-17T05:49:44.528+0000] {processor.py:208} INFO - Processing /opt/airflow/dags/Scripts/parallel_etl_and_model_training.py took 2.054 seconds
[2025-03-17T05:50:15.441+0000] {processor.py:186} INFO - Started process (PID=7585) to work on /opt/airflow/dags/Scripts/parallel_etl_and_model_training.py
[2025-03-17T05:50:15.442+0000] {processor.py:914} INFO - Processing file /opt/airflow/dags/Scripts/parallel_etl_and_model_training.py for tasks to queue
[2025-03-17T05:50:15.446+0000] {logging_mixin.py:190} INFO - [2025-03-17T05:50:15.445+0000] {dagbag.py:588} INFO - Filling up the DagBag from /opt/airflow/dags/Scripts/parallel_etl_and_model_training.py
[2025-03-17T05:50:17.428+0000] {logging_mixin.py:190} INFO - [2025-03-17T05:50:17.427+0000] {parallel_etl_and_model_training.py:17} INFO - Successfully imported functions from etl.py and model.py
[2025-03-17T05:50:17.437+0000] {processor.py:925} INFO - DAG(s) 'parallel_etl_model_training' retrieved from /opt/airflow/dags/Scripts/parallel_etl_and_model_training.py
[2025-03-17T05:50:17.491+0000] {logging_mixin.py:190} INFO - [2025-03-17T05:50:17.491+0000] {dag.py:3239} INFO - Sync 1 DAGs
[2025-03-17T05:50:17.530+0000] {logging_mixin.py:190} INFO - [2025-03-17T05:50:17.530+0000] {dag.py:4180} INFO - Setting next_dagrun for parallel_etl_model_training to 2025-03-17 00:00:00+00:00, run_after=2025-03-18 00:00:00+00:00
[2025-03-17T05:50:17.555+0000] {processor.py:208} INFO - Processing /opt/airflow/dags/Scripts/parallel_etl_and_model_training.py took 2.124 seconds
[2025-03-17T05:50:47.766+0000] {processor.py:186} INFO - Started process (PID=7667) to work on /opt/airflow/dags/Scripts/parallel_etl_and_model_training.py
[2025-03-17T05:50:47.767+0000] {processor.py:914} INFO - Processing file /opt/airflow/dags/Scripts/parallel_etl_and_model_training.py for tasks to queue
[2025-03-17T05:50:47.771+0000] {logging_mixin.py:190} INFO - [2025-03-17T05:50:47.770+0000] {dagbag.py:588} INFO - Filling up the DagBag from /opt/airflow/dags/Scripts/parallel_etl_and_model_training.py
[2025-03-17T05:50:49.841+0000] {logging_mixin.py:190} INFO - [2025-03-17T05:50:49.841+0000] {parallel_etl_and_model_training.py:17} INFO - Successfully imported functions from etl.py and model.py
[2025-03-17T05:50:49.849+0000] {processor.py:925} INFO - DAG(s) 'parallel_etl_model_training' retrieved from /opt/airflow/dags/Scripts/parallel_etl_and_model_training.py
[2025-03-17T05:50:49.883+0000] {logging_mixin.py:190} INFO - [2025-03-17T05:50:49.882+0000] {dag.py:3239} INFO - Sync 1 DAGs
[2025-03-17T05:50:49.914+0000] {logging_mixin.py:190} INFO - [2025-03-17T05:50:49.914+0000] {dag.py:4180} INFO - Setting next_dagrun for parallel_etl_model_training to 2025-03-17 00:00:00+00:00, run_after=2025-03-18 00:00:00+00:00
[2025-03-17T05:50:49.937+0000] {processor.py:208} INFO - Processing /opt/airflow/dags/Scripts/parallel_etl_and_model_training.py took 2.181 seconds
[2025-03-17T05:51:20.078+0000] {processor.py:186} INFO - Started process (PID=7751) to work on /opt/airflow/dags/Scripts/parallel_etl_and_model_training.py
[2025-03-17T05:51:20.079+0000] {processor.py:914} INFO - Processing file /opt/airflow/dags/Scripts/parallel_etl_and_model_training.py for tasks to queue
[2025-03-17T05:51:20.083+0000] {logging_mixin.py:190} INFO - [2025-03-17T05:51:20.083+0000] {dagbag.py:588} INFO - Filling up the DagBag from /opt/airflow/dags/Scripts/parallel_etl_and_model_training.py
[2025-03-17T05:51:21.954+0000] {logging_mixin.py:190} INFO - [2025-03-17T05:51:21.953+0000] {parallel_etl_and_model_training.py:17} INFO - Successfully imported functions from etl.py and model.py
[2025-03-17T05:51:21.961+0000] {processor.py:925} INFO - DAG(s) 'parallel_etl_model_training' retrieved from /opt/airflow/dags/Scripts/parallel_etl_and_model_training.py
[2025-03-17T05:51:21.992+0000] {logging_mixin.py:190} INFO - [2025-03-17T05:51:21.990+0000] {dag.py:3239} INFO - Sync 1 DAGs
[2025-03-17T05:51:22.024+0000] {logging_mixin.py:190} INFO - [2025-03-17T05:51:22.024+0000] {dag.py:4180} INFO - Setting next_dagrun for parallel_etl_model_training to 2025-03-17 00:00:00+00:00, run_after=2025-03-18 00:00:00+00:00
[2025-03-17T05:51:22.044+0000] {processor.py:208} INFO - Processing /opt/airflow/dags/Scripts/parallel_etl_and_model_training.py took 1.976 seconds
[2025-03-17T05:51:52.520+0000] {processor.py:186} INFO - Started process (PID=7832) to work on /opt/airflow/dags/Scripts/parallel_etl_and_model_training.py
[2025-03-17T05:51:52.522+0000] {processor.py:914} INFO - Processing file /opt/airflow/dags/Scripts/parallel_etl_and_model_training.py for tasks to queue
[2025-03-17T05:51:52.525+0000] {logging_mixin.py:190} INFO - [2025-03-17T05:51:52.525+0000] {dagbag.py:588} INFO - Filling up the DagBag from /opt/airflow/dags/Scripts/parallel_etl_and_model_training.py
[2025-03-17T05:51:54.818+0000] {logging_mixin.py:190} INFO - [2025-03-17T05:51:54.818+0000] {parallel_etl_and_model_training.py:17} INFO - Successfully imported functions from etl.py and model.py
[2025-03-17T05:51:54.825+0000] {processor.py:925} INFO - DAG(s) 'parallel_etl_model_training' retrieved from /opt/airflow/dags/Scripts/parallel_etl_and_model_training.py
[2025-03-17T05:51:54.857+0000] {logging_mixin.py:190} INFO - [2025-03-17T05:51:54.855+0000] {dag.py:3239} INFO - Sync 1 DAGs
[2025-03-17T05:51:54.888+0000] {logging_mixin.py:190} INFO - [2025-03-17T05:51:54.888+0000] {dag.py:4180} INFO - Setting next_dagrun for parallel_etl_model_training to 2025-03-17 00:00:00+00:00, run_after=2025-03-18 00:00:00+00:00
[2025-03-17T05:51:54.915+0000] {processor.py:208} INFO - Processing /opt/airflow/dags/Scripts/parallel_etl_and_model_training.py took 2.407 seconds
[2025-03-17T05:52:25.184+0000] {processor.py:186} INFO - Started process (PID=7916) to work on /opt/airflow/dags/Scripts/parallel_etl_and_model_training.py
[2025-03-17T05:52:25.186+0000] {processor.py:914} INFO - Processing file /opt/airflow/dags/Scripts/parallel_etl_and_model_training.py for tasks to queue
[2025-03-17T05:52:25.189+0000] {logging_mixin.py:190} INFO - [2025-03-17T05:52:25.188+0000] {dagbag.py:588} INFO - Filling up the DagBag from /opt/airflow/dags/Scripts/parallel_etl_and_model_training.py
[2025-03-17T05:52:27.146+0000] {logging_mixin.py:190} INFO - [2025-03-17T05:52:27.145+0000] {parallel_etl_and_model_training.py:17} INFO - Successfully imported functions from etl.py and model.py
[2025-03-17T05:52:27.152+0000] {processor.py:925} INFO - DAG(s) 'parallel_etl_model_training' retrieved from /opt/airflow/dags/Scripts/parallel_etl_and_model_training.py
[2025-03-17T05:52:27.182+0000] {logging_mixin.py:190} INFO - [2025-03-17T05:52:27.181+0000] {dag.py:3239} INFO - Sync 1 DAGs
[2025-03-17T05:52:27.212+0000] {logging_mixin.py:190} INFO - [2025-03-17T05:52:27.211+0000] {dag.py:4180} INFO - Setting next_dagrun for parallel_etl_model_training to 2025-03-17 00:00:00+00:00, run_after=2025-03-18 00:00:00+00:00
[2025-03-17T05:52:27.234+0000] {processor.py:208} INFO - Processing /opt/airflow/dags/Scripts/parallel_etl_and_model_training.py took 2.059 seconds
[2025-03-17T05:52:57.851+0000] {processor.py:186} INFO - Started process (PID=8000) to work on /opt/airflow/dags/Scripts/parallel_etl_and_model_training.py
[2025-03-17T05:52:57.852+0000] {processor.py:914} INFO - Processing file /opt/airflow/dags/Scripts/parallel_etl_and_model_training.py for tasks to queue
[2025-03-17T05:52:57.856+0000] {logging_mixin.py:190} INFO - [2025-03-17T05:52:57.855+0000] {dagbag.py:588} INFO - Filling up the DagBag from /opt/airflow/dags/Scripts/parallel_etl_and_model_training.py
[2025-03-17T05:52:59.972+0000] {logging_mixin.py:190} INFO - [2025-03-17T05:52:59.971+0000] {parallel_etl_and_model_training.py:17} INFO - Successfully imported functions from etl.py and model.py
[2025-03-17T05:52:59.979+0000] {processor.py:925} INFO - DAG(s) 'parallel_etl_model_training' retrieved from /opt/airflow/dags/Scripts/parallel_etl_and_model_training.py
[2025-03-17T05:53:00.010+0000] {logging_mixin.py:190} INFO - [2025-03-17T05:53:00.009+0000] {dag.py:3239} INFO - Sync 1 DAGs
[2025-03-17T05:53:00.053+0000] {logging_mixin.py:190} INFO - [2025-03-17T05:53:00.052+0000] {dag.py:4180} INFO - Setting next_dagrun for parallel_etl_model_training to 2025-03-17 00:00:00+00:00, run_after=2025-03-18 00:00:00+00:00
[2025-03-17T05:53:00.074+0000] {processor.py:208} INFO - Processing /opt/airflow/dags/Scripts/parallel_etl_and_model_training.py took 2.236 seconds
[2025-03-17T05:53:30.805+0000] {processor.py:186} INFO - Started process (PID=8083) to work on /opt/airflow/dags/Scripts/parallel_etl_and_model_training.py
[2025-03-17T05:53:30.807+0000] {processor.py:914} INFO - Processing file /opt/airflow/dags/Scripts/parallel_etl_and_model_training.py for tasks to queue
[2025-03-17T05:53:30.814+0000] {logging_mixin.py:190} INFO - [2025-03-17T05:53:30.813+0000] {dagbag.py:588} INFO - Filling up the DagBag from /opt/airflow/dags/Scripts/parallel_etl_and_model_training.py
[2025-03-17T05:53:33.371+0000] {logging_mixin.py:190} INFO - [2025-03-17T05:53:33.370+0000] {parallel_etl_and_model_training.py:17} INFO - Successfully imported functions from etl.py and model.py
[2025-03-17T05:53:33.386+0000] {processor.py:925} INFO - DAG(s) 'parallel_etl_model_training' retrieved from /opt/airflow/dags/Scripts/parallel_etl_and_model_training.py
[2025-03-17T05:53:33.424+0000] {logging_mixin.py:190} INFO - [2025-03-17T05:53:33.423+0000] {dag.py:3239} INFO - Sync 1 DAGs
[2025-03-17T05:53:33.482+0000] {logging_mixin.py:190} INFO - [2025-03-17T05:53:33.481+0000] {dag.py:4180} INFO - Setting next_dagrun for parallel_etl_model_training to 2025-03-17 00:00:00+00:00, run_after=2025-03-18 00:00:00+00:00
[2025-03-17T05:53:33.515+0000] {processor.py:208} INFO - Processing /opt/airflow/dags/Scripts/parallel_etl_and_model_training.py took 2.727 seconds
[2025-03-17T05:54:03.663+0000] {processor.py:186} INFO - Started process (PID=8176) to work on /opt/airflow/dags/Scripts/parallel_etl_and_model_training.py
[2025-03-17T05:54:03.672+0000] {processor.py:914} INFO - Processing file /opt/airflow/dags/Scripts/parallel_etl_and_model_training.py for tasks to queue
[2025-03-17T05:54:03.681+0000] {logging_mixin.py:190} INFO - [2025-03-17T05:54:03.681+0000] {dagbag.py:588} INFO - Filling up the DagBag from /opt/airflow/dags/Scripts/parallel_etl_and_model_training.py
[2025-03-17T05:54:05.963+0000] {logging_mixin.py:190} INFO - [2025-03-17T05:54:05.963+0000] {parallel_etl_and_model_training.py:17} INFO - Successfully imported functions from etl.py and model.py
[2025-03-17T05:54:05.970+0000] {processor.py:925} INFO - DAG(s) 'parallel_etl_model_training' retrieved from /opt/airflow/dags/Scripts/parallel_etl_and_model_training.py
[2025-03-17T05:54:06.012+0000] {logging_mixin.py:190} INFO - [2025-03-17T05:54:06.011+0000] {dag.py:3239} INFO - Sync 1 DAGs
[2025-03-17T05:54:06.046+0000] {logging_mixin.py:190} INFO - [2025-03-17T05:54:06.045+0000] {dag.py:4180} INFO - Setting next_dagrun for parallel_etl_model_training to 2025-03-17 00:00:00+00:00, run_after=2025-03-18 00:00:00+00:00
[2025-03-17T05:54:06.069+0000] {processor.py:208} INFO - Processing /opt/airflow/dags/Scripts/parallel_etl_and_model_training.py took 2.439 seconds
[2025-03-17T05:54:37.000+0000] {processor.py:186} INFO - Started process (PID=8261) to work on /opt/airflow/dags/Scripts/parallel_etl_and_model_training.py
[2025-03-17T05:54:37.002+0000] {processor.py:914} INFO - Processing file /opt/airflow/dags/Scripts/parallel_etl_and_model_training.py for tasks to queue
[2025-03-17T05:54:37.006+0000] {logging_mixin.py:190} INFO - [2025-03-17T05:54:37.005+0000] {dagbag.py:588} INFO - Filling up the DagBag from /opt/airflow/dags/Scripts/parallel_etl_and_model_training.py
[2025-03-17T05:54:39.371+0000] {logging_mixin.py:190} INFO - [2025-03-17T05:54:39.370+0000] {parallel_etl_and_model_training.py:17} INFO - Successfully imported functions from etl.py and model.py
[2025-03-17T05:54:39.380+0000] {processor.py:925} INFO - DAG(s) 'parallel_etl_model_training' retrieved from /opt/airflow/dags/Scripts/parallel_etl_and_model_training.py
[2025-03-17T05:54:39.415+0000] {logging_mixin.py:190} INFO - [2025-03-17T05:54:39.414+0000] {dag.py:3239} INFO - Sync 1 DAGs
[2025-03-17T05:54:39.452+0000] {logging_mixin.py:190} INFO - [2025-03-17T05:54:39.452+0000] {dag.py:4180} INFO - Setting next_dagrun for parallel_etl_model_training to 2025-03-17 00:00:00+00:00, run_after=2025-03-18 00:00:00+00:00
[2025-03-17T05:54:39.475+0000] {processor.py:208} INFO - Processing /opt/airflow/dags/Scripts/parallel_etl_and_model_training.py took 2.487 seconds
[2025-03-17T05:55:10.500+0000] {processor.py:186} INFO - Started process (PID=8339) to work on /opt/airflow/dags/Scripts/parallel_etl_and_model_training.py
[2025-03-17T05:55:10.501+0000] {processor.py:914} INFO - Processing file /opt/airflow/dags/Scripts/parallel_etl_and_model_training.py for tasks to queue
[2025-03-17T05:55:10.506+0000] {logging_mixin.py:190} INFO - [2025-03-17T05:55:10.506+0000] {dagbag.py:588} INFO - Filling up the DagBag from /opt/airflow/dags/Scripts/parallel_etl_and_model_training.py
[2025-03-17T05:55:15.351+0000] {logging_mixin.py:190} INFO - [2025-03-17T05:55:15.350+0000] {parallel_etl_and_model_training.py:17} INFO - Successfully imported functions from etl.py and model.py
[2025-03-17T05:55:15.367+0000] {processor.py:925} INFO - DAG(s) 'parallel_etl_model_training' retrieved from /opt/airflow/dags/Scripts/parallel_etl_and_model_training.py
[2025-03-17T05:55:15.419+0000] {logging_mixin.py:190} INFO - [2025-03-17T05:55:15.417+0000] {dag.py:3239} INFO - Sync 1 DAGs
[2025-03-17T05:55:15.475+0000] {logging_mixin.py:190} INFO - [2025-03-17T05:55:15.475+0000] {dag.py:4180} INFO - Setting next_dagrun for parallel_etl_model_training to 2025-03-17 00:00:00+00:00, run_after=2025-03-18 00:00:00+00:00
[2025-03-17T05:55:15.517+0000] {processor.py:208} INFO - Processing /opt/airflow/dags/Scripts/parallel_etl_and_model_training.py took 5.034 seconds
[2025-03-17T05:55:45.878+0000] {processor.py:186} INFO - Started process (PID=8424) to work on /opt/airflow/dags/Scripts/parallel_etl_and_model_training.py
[2025-03-17T05:55:45.881+0000] {processor.py:914} INFO - Processing file /opt/airflow/dags/Scripts/parallel_etl_and_model_training.py for tasks to queue
[2025-03-17T05:55:45.886+0000] {logging_mixin.py:190} INFO - [2025-03-17T05:55:45.886+0000] {dagbag.py:588} INFO - Filling up the DagBag from /opt/airflow/dags/Scripts/parallel_etl_and_model_training.py
[2025-03-17T05:55:48.177+0000] {logging_mixin.py:190} INFO - [2025-03-17T05:55:48.176+0000] {parallel_etl_and_model_training.py:17} INFO - Successfully imported functions from etl.py and model.py
[2025-03-17T05:55:48.187+0000] {processor.py:925} INFO - DAG(s) 'parallel_etl_model_training' retrieved from /opt/airflow/dags/Scripts/parallel_etl_and_model_training.py
[2025-03-17T05:55:48.222+0000] {logging_mixin.py:190} INFO - [2025-03-17T05:55:48.222+0000] {dag.py:3239} INFO - Sync 1 DAGs
[2025-03-17T05:55:48.270+0000] {logging_mixin.py:190} INFO - [2025-03-17T05:55:48.270+0000] {dag.py:4180} INFO - Setting next_dagrun for parallel_etl_model_training to 2025-03-17 00:00:00+00:00, run_after=2025-03-18 00:00:00+00:00
[2025-03-17T05:55:48.299+0000] {processor.py:208} INFO - Processing /opt/airflow/dags/Scripts/parallel_etl_and_model_training.py took 2.434 seconds
[2025-03-17T05:56:18.449+0000] {processor.py:186} INFO - Started process (PID=8520) to work on /opt/airflow/dags/Scripts/parallel_etl_and_model_training.py
[2025-03-17T05:56:18.451+0000] {processor.py:914} INFO - Processing file /opt/airflow/dags/Scripts/parallel_etl_and_model_training.py for tasks to queue
[2025-03-17T05:56:18.457+0000] {logging_mixin.py:190} INFO - [2025-03-17T05:56:18.456+0000] {dagbag.py:588} INFO - Filling up the DagBag from /opt/airflow/dags/Scripts/parallel_etl_and_model_training.py
[2025-03-17T05:56:20.365+0000] {logging_mixin.py:190} INFO - [2025-03-17T05:56:20.363+0000] {parallel_etl_and_model_training.py:17} INFO - Successfully imported functions from etl.py and model.py
[2025-03-17T05:56:20.372+0000] {processor.py:925} INFO - DAG(s) 'parallel_etl_model_training' retrieved from /opt/airflow/dags/Scripts/parallel_etl_and_model_training.py
[2025-03-17T05:56:20.399+0000] {logging_mixin.py:190} INFO - [2025-03-17T05:56:20.399+0000] {dag.py:3239} INFO - Sync 1 DAGs
[2025-03-17T05:56:20.423+0000] {logging_mixin.py:190} INFO - [2025-03-17T05:56:20.423+0000] {dag.py:4180} INFO - Setting next_dagrun for parallel_etl_model_training to 2025-03-17 00:00:00+00:00, run_after=2025-03-18 00:00:00+00:00
[2025-03-17T05:56:20.444+0000] {processor.py:208} INFO - Processing /opt/airflow/dags/Scripts/parallel_etl_and_model_training.py took 2.006 seconds
[2025-03-17T05:56:51.420+0000] {processor.py:186} INFO - Started process (PID=8603) to work on /opt/airflow/dags/Scripts/parallel_etl_and_model_training.py
[2025-03-17T05:56:51.422+0000] {processor.py:914} INFO - Processing file /opt/airflow/dags/Scripts/parallel_etl_and_model_training.py for tasks to queue
[2025-03-17T05:56:51.425+0000] {logging_mixin.py:190} INFO - [2025-03-17T05:56:51.425+0000] {dagbag.py:588} INFO - Filling up the DagBag from /opt/airflow/dags/Scripts/parallel_etl_and_model_training.py
[2025-03-17T05:56:53.288+0000] {logging_mixin.py:190} INFO - [2025-03-17T05:56:53.288+0000] {parallel_etl_and_model_training.py:17} INFO - Successfully imported functions from etl.py and model.py
[2025-03-17T05:56:53.295+0000] {processor.py:925} INFO - DAG(s) 'parallel_etl_model_training' retrieved from /opt/airflow/dags/Scripts/parallel_etl_and_model_training.py
[2025-03-17T05:56:53.325+0000] {logging_mixin.py:190} INFO - [2025-03-17T05:56:53.324+0000] {dag.py:3239} INFO - Sync 1 DAGs
[2025-03-17T05:56:53.354+0000] {logging_mixin.py:190} INFO - [2025-03-17T05:56:53.353+0000] {dag.py:4180} INFO - Setting next_dagrun for parallel_etl_model_training to 2025-03-17 00:00:00+00:00, run_after=2025-03-18 00:00:00+00:00
[2025-03-17T05:56:53.375+0000] {processor.py:208} INFO - Processing /opt/airflow/dags/Scripts/parallel_etl_and_model_training.py took 1.968 seconds
[2025-03-17T05:57:23.500+0000] {processor.py:186} INFO - Started process (PID=8685) to work on /opt/airflow/dags/Scripts/parallel_etl_and_model_training.py
[2025-03-17T05:57:23.501+0000] {processor.py:914} INFO - Processing file /opt/airflow/dags/Scripts/parallel_etl_and_model_training.py for tasks to queue
[2025-03-17T05:57:23.510+0000] {logging_mixin.py:190} INFO - [2025-03-17T05:57:23.509+0000] {dagbag.py:588} INFO - Filling up the DagBag from /opt/airflow/dags/Scripts/parallel_etl_and_model_training.py
[2025-03-17T05:57:26.226+0000] {logging_mixin.py:190} INFO - [2025-03-17T05:57:26.225+0000] {parallel_etl_and_model_training.py:17} INFO - Successfully imported functions from etl.py and model.py
[2025-03-17T05:57:26.241+0000] {processor.py:925} INFO - DAG(s) 'parallel_etl_model_training' retrieved from /opt/airflow/dags/Scripts/parallel_etl_and_model_training.py
[2025-03-17T05:57:26.295+0000] {logging_mixin.py:190} INFO - [2025-03-17T05:57:26.293+0000] {dag.py:3239} INFO - Sync 1 DAGs
[2025-03-17T05:57:26.352+0000] {logging_mixin.py:190} INFO - [2025-03-17T05:57:26.351+0000] {dag.py:4180} INFO - Setting next_dagrun for parallel_etl_model_training to 2025-03-17 00:00:00+00:00, run_after=2025-03-18 00:00:00+00:00
[2025-03-17T05:57:26.390+0000] {processor.py:208} INFO - Processing /opt/airflow/dags/Scripts/parallel_etl_and_model_training.py took 2.901 seconds
[2025-03-17T05:57:57.276+0000] {processor.py:186} INFO - Started process (PID=8770) to work on /opt/airflow/dags/Scripts/parallel_etl_and_model_training.py
[2025-03-17T05:57:57.277+0000] {processor.py:914} INFO - Processing file /opt/airflow/dags/Scripts/parallel_etl_and_model_training.py for tasks to queue
[2025-03-17T05:57:57.282+0000] {logging_mixin.py:190} INFO - [2025-03-17T05:57:57.281+0000] {dagbag.py:588} INFO - Filling up the DagBag from /opt/airflow/dags/Scripts/parallel_etl_and_model_training.py
[2025-03-17T05:57:59.400+0000] {logging_mixin.py:190} INFO - [2025-03-17T05:57:59.400+0000] {parallel_etl_and_model_training.py:17} INFO - Successfully imported functions from etl.py and model.py
[2025-03-17T05:57:59.409+0000] {processor.py:925} INFO - DAG(s) 'parallel_etl_model_training' retrieved from /opt/airflow/dags/Scripts/parallel_etl_and_model_training.py
[2025-03-17T05:57:59.441+0000] {logging_mixin.py:190} INFO - [2025-03-17T05:57:59.440+0000] {dag.py:3239} INFO - Sync 1 DAGs
[2025-03-17T05:57:59.470+0000] {logging_mixin.py:190} INFO - [2025-03-17T05:57:59.470+0000] {dag.py:4180} INFO - Setting next_dagrun for parallel_etl_model_training to 2025-03-17 00:00:00+00:00, run_after=2025-03-18 00:00:00+00:00
[2025-03-17T05:57:59.491+0000] {processor.py:208} INFO - Processing /opt/airflow/dags/Scripts/parallel_etl_and_model_training.py took 2.224 seconds
[2025-03-17T05:58:30.499+0000] {processor.py:186} INFO - Started process (PID=8864) to work on /opt/airflow/dags/Scripts/parallel_etl_and_model_training.py
[2025-03-17T05:58:30.502+0000] {processor.py:914} INFO - Processing file /opt/airflow/dags/Scripts/parallel_etl_and_model_training.py for tasks to queue
[2025-03-17T05:58:30.508+0000] {logging_mixin.py:190} INFO - [2025-03-17T05:58:30.507+0000] {dagbag.py:588} INFO - Filling up the DagBag from /opt/airflow/dags/Scripts/parallel_etl_and_model_training.py
[2025-03-17T05:58:34.508+0000] {logging_mixin.py:190} INFO - [2025-03-17T05:58:34.507+0000] {parallel_etl_and_model_training.py:17} INFO - Successfully imported functions from etl.py and model.py
[2025-03-17T05:58:34.515+0000] {processor.py:925} INFO - DAG(s) 'parallel_etl_model_training' retrieved from /opt/airflow/dags/Scripts/parallel_etl_and_model_training.py
[2025-03-17T05:58:34.544+0000] {logging_mixin.py:190} INFO - [2025-03-17T05:58:34.543+0000] {dag.py:3239} INFO - Sync 1 DAGs
[2025-03-17T05:58:34.576+0000] {logging_mixin.py:190} INFO - [2025-03-17T05:58:34.576+0000] {dag.py:4180} INFO - Setting next_dagrun for parallel_etl_model_training to 2025-03-17 00:00:00+00:00, run_after=2025-03-18 00:00:00+00:00
[2025-03-17T05:58:34.597+0000] {processor.py:208} INFO - Processing /opt/airflow/dags/Scripts/parallel_etl_and_model_training.py took 4.112 seconds
[2025-03-17T05:59:05.649+0000] {processor.py:186} INFO - Started process (PID=8952) to work on /opt/airflow/dags/Scripts/parallel_etl_and_model_training.py
[2025-03-17T05:59:05.653+0000] {processor.py:914} INFO - Processing file /opt/airflow/dags/Scripts/parallel_etl_and_model_training.py for tasks to queue
[2025-03-17T05:59:05.662+0000] {logging_mixin.py:190} INFO - [2025-03-17T05:59:05.661+0000] {dagbag.py:588} INFO - Filling up the DagBag from /opt/airflow/dags/Scripts/parallel_etl_and_model_training.py
[2025-03-17T05:59:09.660+0000] {logging_mixin.py:190} INFO - [2025-03-17T05:59:09.660+0000] {parallel_etl_and_model_training.py:17} INFO - Successfully imported functions from etl.py and model.py
[2025-03-17T05:59:09.668+0000] {processor.py:925} INFO - DAG(s) 'parallel_etl_model_training' retrieved from /opt/airflow/dags/Scripts/parallel_etl_and_model_training.py
[2025-03-17T05:59:09.736+0000] {logging_mixin.py:190} INFO - [2025-03-17T05:59:09.735+0000] {dag.py:3239} INFO - Sync 1 DAGs
[2025-03-17T05:59:09.780+0000] {logging_mixin.py:190} INFO - [2025-03-17T05:59:09.779+0000] {dag.py:4180} INFO - Setting next_dagrun for parallel_etl_model_training to 2025-03-17 00:00:00+00:00, run_after=2025-03-18 00:00:00+00:00
[2025-03-17T05:59:09.813+0000] {processor.py:208} INFO - Processing /opt/airflow/dags/Scripts/parallel_etl_and_model_training.py took 4.186 seconds
[2025-03-17T05:59:40.055+0000] {processor.py:186} INFO - Started process (PID=9037) to work on /opt/airflow/dags/Scripts/parallel_etl_and_model_training.py
[2025-03-17T05:59:40.056+0000] {processor.py:914} INFO - Processing file /opt/airflow/dags/Scripts/parallel_etl_and_model_training.py for tasks to queue
[2025-03-17T05:59:40.059+0000] {logging_mixin.py:190} INFO - [2025-03-17T05:59:40.059+0000] {dagbag.py:588} INFO - Filling up the DagBag from /opt/airflow/dags/Scripts/parallel_etl_and_model_training.py
[2025-03-17T05:59:42.002+0000] {logging_mixin.py:190} INFO - [2025-03-17T05:59:42.002+0000] {parallel_etl_and_model_training.py:17} INFO - Successfully imported functions from etl.py and model.py
[2025-03-17T05:59:42.010+0000] {processor.py:925} INFO - DAG(s) 'parallel_etl_model_training' retrieved from /opt/airflow/dags/Scripts/parallel_etl_and_model_training.py
[2025-03-17T05:59:42.039+0000] {logging_mixin.py:190} INFO - [2025-03-17T05:59:42.039+0000] {dag.py:3239} INFO - Sync 1 DAGs
[2025-03-17T05:59:42.071+0000] {logging_mixin.py:190} INFO - [2025-03-17T05:59:42.070+0000] {dag.py:4180} INFO - Setting next_dagrun for parallel_etl_model_training to 2025-03-17 00:00:00+00:00, run_after=2025-03-18 00:00:00+00:00
[2025-03-17T05:59:42.095+0000] {processor.py:208} INFO - Processing /opt/airflow/dags/Scripts/parallel_etl_and_model_training.py took 2.049 seconds
[2025-03-17T06:00:12.629+0000] {processor.py:186} INFO - Started process (PID=9119) to work on /opt/airflow/dags/Scripts/parallel_etl_and_model_training.py
[2025-03-17T06:00:12.630+0000] {processor.py:914} INFO - Processing file /opt/airflow/dags/Scripts/parallel_etl_and_model_training.py for tasks to queue
[2025-03-17T06:00:12.634+0000] {logging_mixin.py:190} INFO - [2025-03-17T06:00:12.633+0000] {dagbag.py:588} INFO - Filling up the DagBag from /opt/airflow/dags/Scripts/parallel_etl_and_model_training.py
[2025-03-17T06:00:14.742+0000] {logging_mixin.py:190} INFO - [2025-03-17T06:00:14.742+0000] {parallel_etl_and_model_training.py:17} INFO - Successfully imported functions from etl.py and model.py
[2025-03-17T06:00:14.750+0000] {processor.py:925} INFO - DAG(s) 'parallel_etl_model_training' retrieved from /opt/airflow/dags/Scripts/parallel_etl_and_model_training.py
[2025-03-17T06:00:14.786+0000] {logging_mixin.py:190} INFO - [2025-03-17T06:00:14.785+0000] {dag.py:3239} INFO - Sync 1 DAGs
[2025-03-17T06:00:14.821+0000] {logging_mixin.py:190} INFO - [2025-03-17T06:00:14.821+0000] {dag.py:4180} INFO - Setting next_dagrun for parallel_etl_model_training to 2025-03-17 00:00:00+00:00, run_after=2025-03-18 00:00:00+00:00
[2025-03-17T06:00:14.855+0000] {processor.py:208} INFO - Processing /opt/airflow/dags/Scripts/parallel_etl_and_model_training.py took 2.236 seconds
[2025-03-17T06:00:45.317+0000] {processor.py:186} INFO - Started process (PID=9204) to work on /opt/airflow/dags/Scripts/parallel_etl_and_model_training.py
[2025-03-17T06:00:45.318+0000] {processor.py:914} INFO - Processing file /opt/airflow/dags/Scripts/parallel_etl_and_model_training.py for tasks to queue
[2025-03-17T06:00:45.321+0000] {logging_mixin.py:190} INFO - [2025-03-17T06:00:45.321+0000] {dagbag.py:588} INFO - Filling up the DagBag from /opt/airflow/dags/Scripts/parallel_etl_and_model_training.py
[2025-03-17T06:00:47.548+0000] {logging_mixin.py:190} INFO - [2025-03-17T06:00:47.547+0000] {parallel_etl_and_model_training.py:17} INFO - Successfully imported functions from etl.py and model.py
[2025-03-17T06:00:47.565+0000] {processor.py:925} INFO - DAG(s) 'parallel_etl_model_training' retrieved from /opt/airflow/dags/Scripts/parallel_etl_and_model_training.py
[2025-03-17T06:00:47.611+0000] {logging_mixin.py:190} INFO - [2025-03-17T06:00:47.610+0000] {dag.py:3239} INFO - Sync 1 DAGs
[2025-03-17T06:00:47.661+0000] {logging_mixin.py:190} INFO - [2025-03-17T06:00:47.661+0000] {dag.py:4180} INFO - Setting next_dagrun for parallel_etl_model_training to 2025-03-17 00:00:00+00:00, run_after=2025-03-18 00:00:00+00:00
[2025-03-17T06:00:47.696+0000] {processor.py:208} INFO - Processing /opt/airflow/dags/Scripts/parallel_etl_and_model_training.py took 2.390 seconds
[2025-03-17T06:01:18.427+0000] {processor.py:186} INFO - Started process (PID=9288) to work on /opt/airflow/dags/Scripts/parallel_etl_and_model_training.py
[2025-03-17T06:01:18.428+0000] {processor.py:914} INFO - Processing file /opt/airflow/dags/Scripts/parallel_etl_and_model_training.py for tasks to queue
[2025-03-17T06:01:18.433+0000] {logging_mixin.py:190} INFO - [2025-03-17T06:01:18.432+0000] {dagbag.py:588} INFO - Filling up the DagBag from /opt/airflow/dags/Scripts/parallel_etl_and_model_training.py
[2025-03-17T06:01:20.467+0000] {logging_mixin.py:190} INFO - [2025-03-17T06:01:20.467+0000] {parallel_etl_and_model_training.py:17} INFO - Successfully imported functions from etl.py and model.py
[2025-03-17T06:01:20.474+0000] {processor.py:925} INFO - DAG(s) 'parallel_etl_model_training' retrieved from /opt/airflow/dags/Scripts/parallel_etl_and_model_training.py
[2025-03-17T06:01:20.503+0000] {logging_mixin.py:190} INFO - [2025-03-17T06:01:20.503+0000] {dag.py:3239} INFO - Sync 1 DAGs
[2025-03-17T06:01:20.531+0000] {logging_mixin.py:190} INFO - [2025-03-17T06:01:20.531+0000] {dag.py:4180} INFO - Setting next_dagrun for parallel_etl_model_training to 2025-03-17 00:00:00+00:00, run_after=2025-03-18 00:00:00+00:00
[2025-03-17T06:01:20.553+0000] {processor.py:208} INFO - Processing /opt/airflow/dags/Scripts/parallel_etl_and_model_training.py took 2.139 seconds
[2025-03-17T06:01:50.680+0000] {processor.py:186} INFO - Started process (PID=9378) to work on /opt/airflow/dags/Scripts/parallel_etl_and_model_training.py
[2025-03-17T06:01:50.682+0000] {processor.py:914} INFO - Processing file /opt/airflow/dags/Scripts/parallel_etl_and_model_training.py for tasks to queue
[2025-03-17T06:01:50.685+0000] {logging_mixin.py:190} INFO - [2025-03-17T06:01:50.684+0000] {dagbag.py:588} INFO - Filling up the DagBag from /opt/airflow/dags/Scripts/parallel_etl_and_model_training.py
[2025-03-17T06:01:52.725+0000] {logging_mixin.py:190} INFO - [2025-03-17T06:01:52.725+0000] {parallel_etl_and_model_training.py:17} INFO - Successfully imported functions from etl.py and model.py
[2025-03-17T06:01:52.733+0000] {processor.py:925} INFO - DAG(s) 'parallel_etl_model_training' retrieved from /opt/airflow/dags/Scripts/parallel_etl_and_model_training.py
[2025-03-17T06:01:52.762+0000] {logging_mixin.py:190} INFO - [2025-03-17T06:01:52.761+0000] {dag.py:3239} INFO - Sync 1 DAGs
[2025-03-17T06:01:52.791+0000] {logging_mixin.py:190} INFO - [2025-03-17T06:01:52.791+0000] {dag.py:4180} INFO - Setting next_dagrun for parallel_etl_model_training to 2025-03-17 00:00:00+00:00, run_after=2025-03-18 00:00:00+00:00
[2025-03-17T06:01:52.815+0000] {processor.py:208} INFO - Processing /opt/airflow/dags/Scripts/parallel_etl_and_model_training.py took 2.147 seconds
